{
	"C:\\Users\\aval\\tsdev\\chroma.ts\\src\\index.ts": {
		"path": "C:\\Users\\aval\\tsdev\\chroma.ts\\src\\index.ts",
		"statementMap": {
			"0": { "start": { "line": 35, "column": 0 }, "end": { "line": 35, "column": 62 } },
			"1": { "start": { "line": 36, "column": 67 }, "end": { "line": 36, "column": 71 } },
			"2": { "start": { "line": 38, "column": 12 }, "end": { "line": 38, "column": 18 } },
			"3": { "start": { "line": 39, "column": 4 }, "end": { "line": 43, "column": 5 } },
			"4": { "start": { "line": 40, "column": 21 }, "end": { "line": 40, "column": 44 } },
			"5": { "start": { "line": 41, "column": 8 }, "end": { "line": 41, "column": 62 } },
			"6": { "start": { "line": 42, "column": 8 }, "end": { "line": 42, "column": 26 } },
			"7": { "start": { "line": 44, "column": 4 }, "end": { "line": 44, "column": 13 } },
			"8": { "start": { "line": 48, "column": 13 }, "end": { "line": 48, "column": 17 } },
			"9": { "start": { "line": 48, "column": 24 }, "end": { "line": 48, "column": 28 } },
			"10": { "start": { "line": 50, "column": 4 }, "end": { "line": 62, "column": 5 } },
			"11": { "start": { "line": 51, "column": 18 }, "end": { "line": 51, "column": 29 } },
			"12": { "start": { "line": 52, "column": 19 }, "end": { "line": 52, "column": 23 } },
			"13": { "start": { "line": 53, "column": 8 }, "end": { "line": 53, "column": 38 } },
			"14": { "start": { "line": 54, "column": 8 }, "end": { "line": 61, "column": 9 } },
			"15": { "start": { "line": 55, "column": 12 }, "end": { "line": 55, "column": 18 } },
			"16": { "start": { "line": 56, "column": 12 }, "end": { "line": 56, "column": 20 } },
			"17": { "start": { "line": 59, "column": 12 }, "end": { "line": 59, "column": 18 } },
			"18": { "start": { "line": 60, "column": 12 }, "end": { "line": 60, "column": 20 } },
			"19": { "start": { "line": 65, "column": 4 }, "end": { "line": 65, "column": 23 } },
			"20": { "start": { "line": 67, "column": 14 }, "end": { "line": 67, "column": 20 } },
			"21": { "start": { "line": 68, "column": 16 }, "end": { "line": 68, "column": 24 } },
			"22": { "start": { "line": 69, "column": 16 }, "end": { "line": 69, "column": 24 } },
			"23": { "start": { "line": 73, "column": 8 }, "end": { "line": 75, "column": 9 } },
			"24": { "start": { "line": 74, "column": 12 }, "end": { "line": 74, "column": 24 } },
			"25": { "start": { "line": 76, "column": 8 }, "end": { "line": 76, "column": 24 } },
			"26": { "start": { "line": 79, "column": 8 }, "end": { "line": 79, "column": 52 } },
			"27": { "start": { "line": 82, "column": 8 }, "end": { "line": 82, "column": 75 } },
			"28": { "start": { "line": 85, "column": 18 }, "end": { "line": 91, "column": 9 } },
			"29": { "start": { "line": 86, "column": 12 }, "end": { "line": 87, "column": 34 } },
			"30": { "start": { "line": 87, "column": 16 }, "end": { "line": 87, "column": 34 } },
			"31": { "start": { "line": 88, "column": 12 }, "end": { "line": 89, "column": 37 } },
			"32": { "start": { "line": 89, "column": 16 }, "end": { "line": 89, "column": 37 } },
			"33": { "start": { "line": 90, "column": 12 }, "end": { "line": 90, "column": 21 } },
			"34": { "start": { "line": 92, "column": 8 }, "end": { "line": 92, "column": 81 } },
			"35": { "start": { "line": 95, "column": 8 }, "end": { "line": 95, "column": 40 } },
			"36": { "start": { "line": 98, "column": 26 }, "end": { "line": 98, "column": 35 } },
			"37": { "start": { "line": 99, "column": 8 }, "end": { "line": 99, "column": 32 } },
			"38": { "start": { "line": 102, "column": 26 }, "end": { "line": 102, "column": 35 } },
			"39": { "start": { "line": 103, "column": 8 }, "end": { "line": 103, "column": 32 } },
			"40": { "start": { "line": 106, "column": 26 }, "end": { "line": 106, "column": 35 } },
			"41": { "start": { "line": 107, "column": 8 }, "end": { "line": 107, "column": 32 } },
			"42": { "start": { "line": 110, "column": 8 }, "end": { "line": 119, "column": 9 } },
			"43": { "start": { "line": 111, "column": 33 }, "end": { "line": 111, "column": 42 } },
			"44": { "start": { "line": 112, "column": 12 }, "end": { "line": 112, "column": 39 } },
			"45": { "start": { "line": 114, "column": 13 }, "end": { "line": 119, "column": 9 } },
			"46": { "start": { "line": 115, "column": 12 }, "end": { "line": 115, "column": 53 } },
			"47": { "start": { "line": 118, "column": 12 }, "end": { "line": 118, "column": 30 } },
			"48": { "start": { "line": 122, "column": 20 }, "end": { "line": 122, "column": 30 } },
			"49": { "start": { "line": 123, "column": 21 }, "end": { "line": 123, "column": 88 } },
			"50": { "start": { "line": 123, "column": 61 }, "end": { "line": 123, "column": 87 } },
			"51": { "start": { "line": 124, "column": 8 }, "end": { "line": 130, "column": 9 } },
			"52": { "start": { "line": 125, "column": 54 }, "end": { "line": 125, "column": 64 } },
			"53": { "start": { "line": 126, "column": 12 }, "end": { "line": 129, "column": 15 } },
			"54": { "start": { "line": 127, "column": 46 }, "end": { "line": 127, "column": 83 } },
			"55": { "start": { "line": 128, "column": 16 }, "end": { "line": 128, "column": 92 } },
			"56": { "start": { "line": 131, "column": 8 }, "end": { "line": 131, "column": 20 } },
			"57": { "start": { "line": 134, "column": 26 }, "end": { "line": 134, "column": 35 } },
			"58": { "start": { "line": 135, "column": 8 }, "end": { "line": 135, "column": 33 } },
			"59": { "start": { "line": 138, "column": 29 }, "end": { "line": 138, "column": 38 } },
			"60": { "start": { "line": 139, "column": 8 }, "end": { "line": 139, "column": 46 } },
			"61": { "start": { "line": 142, "column": 33 }, "end": { "line": 142, "column": 42 } },
			"62": { "start": { "line": 143, "column": 22 }, "end": { "line": 143, "column": 38 } },
			"63": { "start": { "line": 144, "column": 8 }, "end": { "line": 146, "column": 9 } },
			"64": { "start": { "line": 145, "column": 12 }, "end": { "line": 145, "column": 21 } },
			"65": { "start": { "line": 147, "column": 28 }, "end": { "line": 147, "column": 62 } },
			"66": { "start": { "line": 147, "column": 43 }, "end": { "line": 147, "column": 62 } },
			"67": { "start": { "line": 148, "column": 8 }, "end": { "line": 155, "column": 9 } },
			"68": { "start": { "line": 150, "column": 12 }, "end": { "line": 150, "column": 108 } },
			"69": { "start": { "line": 154, "column": 12 }, "end": { "line": 154, "column": 108 } },
			"70": { "start": { "line": 161, "column": 26 }, "end": { "line": 161, "column": 35 } },
			"71": { "start": { "line": 162, "column": 8 }, "end": { "line": 162, "column": 35 } },
			"72": { "start": { "line": 176, "column": 32 }, "end": { "line": 176, "column": 57 } },
			"73": { "start": { "line": 178, "column": 8 }, "end": { "line": 205, "column": 9 } },
			"74": { "start": { "line": 179, "column": 12 }, "end": { "line": 179, "column": 31 } },
			"75": { "start": { "line": 180, "column": 22 }, "end": { "line": 180, "column": 43 } },
			"76": { "start": { "line": 181, "column": 12 }, "end": { "line": 182, "column": 51 } },
			"77": { "start": { "line": 182, "column": 16 }, "end": { "line": 182, "column": 51 } },
			"78": { "start": { "line": 183, "column": 12 }, "end": { "line": 201, "column": 13 } },
			"79": { "start": { "line": 184, "column": 16 }, "end": { "line": 197, "column": 17 } },
			"80": { "start": { "line": 187, "column": 24 }, "end": { "line": 187, "column": 41 } },
			"81": { "start": { "line": 188, "column": 24 }, "end": { "line": 188, "column": 30 } },
			"82": { "start": { "line": 190, "column": 24 }, "end": { "line": 190, "column": 51 } },
			"83": { "start": { "line": 191, "column": 24 }, "end": { "line": 191, "column": 30 } },
			"84": { "start": { "line": 193, "column": 24 }, "end": { "line": 193, "column": 51 } },
			"85": { "start": { "line": 194, "column": 24 }, "end": { "line": 194, "column": 30 } },
			"86": { "start": { "line": 196, "column": 24 }, "end": { "line": 196, "column": 40 } },
			"87": { "start": { "line": 200, "column": 16 }, "end": { "line": 200, "column": 31 } },
			"88": { "start": { "line": 204, "column": 12 }, "end": { "line": 204, "column": 24 } },
			"89": { "start": { "line": 206, "column": 21 }, "end": { "line": 206, "column": 38 } },
			"90": { "start": { "line": 207, "column": 8 }, "end": { "line": 207, "column": 31 } },
			"91": { "start": { "line": 208, "column": 8 }, "end": { "line": 208, "column": 31 } },
			"92": { "start": { "line": 211, "column": 26 }, "end": { "line": 211, "column": 35 } },
			"93": { "start": { "line": 212, "column": 8 }, "end": { "line": 212, "column": 85 } },
			"94": { "start": { "line": 215, "column": 8 }, "end": { "line": 217, "column": 9 } },
			"95": { "start": { "line": 216, "column": 12 }, "end": { "line": 216, "column": 32 } },
			"96": { "start": { "line": 218, "column": 26 }, "end": { "line": 218, "column": 35 } },
			"97": { "start": { "line": 219, "column": 8 }, "end": { "line": 219, "column": 45 } },
			"98": { "start": { "line": 222, "column": 26 }, "end": { "line": 222, "column": 36 } },
			"99": { "start": { "line": 223, "column": 8 }, "end": { "line": 223, "column": 67 } },
			"100": { "start": { "line": 226, "column": 8 }, "end": { "line": 226, "column": 36 } },
			"101": { "start": { "line": 229, "column": 26 }, "end": { "line": 229, "column": 36 } },
			"102": { "start": { "line": 230, "column": 8 }, "end": { "line": 230, "column": 75 } },
			"103": { "start": { "line": 233, "column": 8 }, "end": { "line": 233, "column": 38 } },
			"104": { "start": { "line": 236, "column": 29 }, "end": { "line": 236, "column": 38 } },
			"105": { "start": { "line": 237, "column": 8 }, "end": { "line": 237, "column": 50 } },
			"106": { "start": { "line": 240, "column": 26 }, "end": { "line": 240, "column": 35 } },
			"107": { "start": { "line": 241, "column": 8 }, "end": { "line": 241, "column": 32 } },
			"108": { "start": { "line": 244, "column": 26 }, "end": { "line": 244, "column": 35 } },
			"109": { "start": { "line": 245, "column": 8 }, "end": { "line": 245, "column": 32 } },
			"110": { "start": { "line": 248, "column": 26 }, "end": { "line": 248, "column": 35 } },
			"111": { "start": { "line": 249, "column": 8 }, "end": { "line": 249, "column": 32 } },
			"112": { "start": { "line": 252, "column": 26 }, "end": { "line": 252, "column": 35 } },
			"113": { "start": { "line": 253, "column": 8 }, "end": { "line": 253, "column": 32 } },
			"114": { "start": { "line": 256, "column": 26 }, "end": { "line": 256, "column": 35 } },
			"115": { "start": { "line": 257, "column": 8 }, "end": { "line": 257, "column": 42 } },
			"116": { "start": { "line": 260, "column": 26 }, "end": { "line": 260, "column": 35 } },
			"117": { "start": { "line": 261, "column": 8 }, "end": { "line": 261, "column": 32 } },
			"118": { "start": { "line": 264, "column": 0 }, "end": { "line": 264, "column": 22 } },
			"119": { "start": { "line": 265, "column": 0 }, "end": { "line": 265, "column": 50 } },
			"120": { "start": { "line": 266, "column": 0 }, "end": { "line": 266, "column": 47 } },
			"121": { "start": { "line": 269, "column": 0 }, "end": { "line": 269, "column": 53 } },
			"122": { "start": { "line": 271, "column": 4 }, "end": { "line": 271, "column": 27 } },
			"123": { "start": { "line": 274, "column": 4 }, "end": { "line": 274, "column": 45 } },
			"124": { "start": { "line": 277, "column": 4 }, "end": { "line": 279, "column": 5 } },
			"125": { "start": { "line": 278, "column": 8 }, "end": { "line": 278, "column": 23 } },
			"126": { "start": { "line": 280, "column": 4 }, "end": { "line": 288, "column": 5 } },
			"127": { "start": { "line": 281, "column": 8 }, "end": { "line": 281, "column": 76 } },
			"128": { "start": { "line": 283, "column": 9 }, "end": { "line": 288, "column": 5 } },
			"129": { "start": { "line": 284, "column": 8 }, "end": { "line": 284, "column": 30 } },
			"130": { "start": { "line": 287, "column": 8 }, "end": { "line": 287, "column": 27 } },
			"131": { "start": { "line": 290, "column": 0 }, "end": { "line": 290, "column": 24 } },
			"132": { "start": { "line": 291, "column": 0 }, "end": { "line": 291, "column": 25 } },
			"133": { "start": { "line": 292, "column": 0 }, "end": { "line": 1255, "column": 28 } },
			"134": { "start": { "line": 293, "column": 4 }, "end": { "line": 464, "column": 6 } },
			"135": { "start": { "line": 469, "column": 4 }, "end": { "line": 625, "column": 6 } },
			"136": { "start": { "line": 628, "column": 12 }, "end": { "line": 630, "column": 13 } },
			"137": { "start": { "line": 629, "column": 16 }, "end": { "line": 629, "column": 35 } },
			"138": { "start": { "line": 631, "column": 12 }, "end": { "line": 631, "column": 28 } },
			"139": { "start": { "line": 632, "column": 12 }, "end": { "line": 632, "column": 24 } },
			"140": { "start": { "line": 635, "column": 12 }, "end": { "line": 637, "column": 13 } },
			"141": { "start": { "line": 636, "column": 16 }, "end": { "line": 636, "column": 39 } },
			"142": { "start": { "line": 638, "column": 12 }, "end": { "line": 638, "column": 32 } },
			"143": { "start": { "line": 639, "column": 12 }, "end": { "line": 639, "column": 24 } },
			"144": { "start": { "line": 642, "column": 12 }, "end": { "line": 644, "column": 13 } },
			"145": { "start": { "line": 643, "column": 16 }, "end": { "line": 643, "column": 35 } },
			"146": { "start": { "line": 645, "column": 12 }, "end": { "line": 645, "column": 28 } },
			"147": { "start": { "line": 646, "column": 12 }, "end": { "line": 646, "column": 24 } },
			"148": { "start": { "line": 649, "column": 12 }, "end": { "line": 651, "column": 13 } },
			"149": { "start": { "line": 650, "column": 16 }, "end": { "line": 650, "column": 33 } },
			"150": { "start": { "line": 652, "column": 12 }, "end": { "line": 652, "column": 54 } },
			"151": { "start": { "line": 653, "column": 12 }, "end": { "line": 653, "column": 24 } },
			"152": { "start": { "line": 656, "column": 12 }, "end": { "line": 658, "column": 13 } },
			"153": { "start": { "line": 657, "column": 16 }, "end": { "line": 657, "column": 39 } },
			"154": { "start": { "line": 659, "column": 12 }, "end": { "line": 659, "column": 60 } },
			"155": { "start": { "line": 660, "column": 12 }, "end": { "line": 660, "column": 24 } },
			"156": { "start": { "line": 663, "column": 12 }, "end": { "line": 663, "column": 38 } },
			"157": { "start": { "line": 666, "column": 22 }, "end": { "line": 666, "column": 83 } },
			"158": { "start": { "line": 667, "column": 22 }, "end": { "line": 667, "column": 88 } },
			"159": { "start": { "line": 668, "column": 22 }, "end": { "line": 668, "column": 61 } },
			"160": { "start": { "line": 669, "column": 24 }, "end": { "line": 669, "column": 45 } },
			"161": { "start": { "line": 670, "column": 26 }, "end": { "line": 670, "column": 37 } },
			"162": { "start": { "line": 671, "column": 26 }, "end": { "line": 671, "column": 37 } },
			"163": { "start": { "line": 672, "column": 22 }, "end": { "line": 672, "column": 68 } },
			"164": { "start": { "line": 673, "column": 22 }, "end": { "line": 673, "column": 68 } },
			"165": { "start": { "line": 674, "column": 22 }, "end": { "line": 674, "column": 50 } },
			"166": { "start": { "line": 675, "column": 12 }, "end": { "line": 675, "column": 62 } },
			"167": { "start": { "line": 679, "column": 19 }, "end": { "line": 679, "column": 31 } },
			"168": { "start": { "line": 679, "column": 24 }, "end": { "line": 679, "column": 31 } },
			"169": { "start": { "line": 680, "column": 8 }, "end": { "line": 680, "column": 108 } },
			"170": { "start": { "line": 680, "column": 72 }, "end": { "line": 680, "column": 105 } },
			"171": { "start": { "line": 681, "column": 8 }, "end": { "line": 681, "column": 23 } },
			"172": { "start": { "line": 682, "column": 8 }, "end": { "line": 682, "column": 31 } },
			"173": { "start": { "line": 683, "column": 8 }, "end": { "line": 683, "column": 19 } },
			"174": { "start": { "line": 684, "column": 8 }, "end": { "line": 684, "column": 23 } },
			"175": { "start": { "line": 685, "column": 8 }, "end": { "line": 685, "column": 31 } },
			"176": { "start": { "line": 686, "column": 8 }, "end": { "line": 686, "column": 17 } },
			"177": { "start": { "line": 688, "column": 4 }, "end": { "line": 688, "column": 33 } },
			"178": { "start": { "line": 695, "column": 8 }, "end": { "line": 695, "column": 52 } },
			"179": { "start": { "line": 697, "column": 4 }, "end": { "line": 697, "column": 27 } },
			"180": { "start": { "line": 706, "column": 24 }, "end": { "line": 706, "column": 27 } },
			"181": { "start": { "line": 706, "column": 39 }, "end": { "line": 706, "column": 41 } },
			"182": { "start": { "line": 706, "column": 53 }, "end": { "line": 706, "column": 57 } },
			"183": { "start": { "line": 706, "column": 69 }, "end": { "line": 706, "column": 71 } },
			"184": { "start": { "line": 707, "column": 28 }, "end": { "line": 707, "column": 31 } },
			"185": { "start": { "line": 708, "column": 8 }, "end": { "line": 718, "column": 9 } },
			"186": { "start": { "line": 709, "column": 22 }, "end": { "line": 709, "column": 36 } },
			"187": { "start": { "line": 709, "column": 42 }, "end": { "line": 709, "column": 56 } },
			"188": { "start": { "line": 709, "column": 62 }, "end": { "line": 709, "column": 76 } },
			"189": { "start": { "line": 713, "column": 26 }, "end": { "line": 713, "column": 184 } },
			"190": { "start": { "line": 714, "column": 12 }, "end": { "line": 714, "column": 37 } },
			"191": { "start": { "line": 715, "column": 12 }, "end": { "line": 715, "column": 50 } },
			"192": { "start": { "line": 716, "column": 12 }, "end": { "line": 717, "column": 29 } },
			"193": { "start": { "line": 717, "column": 16 }, "end": { "line": 717, "column": 29 } },
			"194": { "start": { "line": 719, "column": 8 }, "end": { "line": 719, "column": 71 } },
			"195": { "start": { "line": 721, "column": 4 }, "end": { "line": 721, "column": 33 } },
			"196": { "start": { "line": 723, "column": 19 }, "end": { "line": 723, "column": 31 } },
			"197": { "start": { "line": 724, "column": 19 }, "end": { "line": 724, "column": 31 } },
			"198": { "start": { "line": 725, "column": 20 }, "end": { "line": 725, "column": 70 } },
			"199": { "start": { "line": 726, "column": 8 }, "end": { "line": 728, "column": 9 } },
			"200": { "start": { "line": 727, "column": 12 }, "end": { "line": 727, "column": 69 } },
			"201": { "start": { "line": 729, "column": 8 }, "end": { "line": 729, "column": 58 } },
			"202": { "start": { "line": 731, "column": 4 }, "end": { "line": 731, "column": 37 } },
			"203": { "start": { "line": 732, "column": 4 }, "end": { "line": 732, "column": 29 } },
			"204": { "start": { "line": 734, "column": 8 }, "end": { "line": 734, "column": 45 } },
			"205": { "start": { "line": 736, "column": 4 }, "end": { "line": 736, "column": 21 } },
			"206": { "start": { "line": 738, "column": 8 }, "end": { "line": 738, "column": 35 } },
			"207": { "start": { "line": 740, "column": 4 }, "end": { "line": 740, "column": 23 } },
			"208": { "start": { "line": 742, "column": 8 }, "end": { "line": 742, "column": 33 } },
			"209": { "start": { "line": 744, "column": 4 }, "end": { "line": 744, "column": 19 } },
			"210": { "start": { "line": 746, "column": 8 }, "end": { "line": 746, "column": 34 } },
			"211": { "start": { "line": 748, "column": 4 }, "end": { "line": 748, "column": 21 } },
			"212": { "start": { "line": 750, "column": 8 }, "end": { "line": 750, "column": 34 } },
			"213": { "start": { "line": 752, "column": 4 }, "end": { "line": 752, "column": 21 } },
			"214": { "start": { "line": 754, "column": 8 }, "end": { "line": 754, "column": 34 } },
			"215": { "start": { "line": 756, "column": 4 }, "end": { "line": 756, "column": 21 } },
			"216": { "start": { "line": 758, "column": 8 }, "end": { "line": 758, "column": 34 } },
			"217": { "start": { "line": 760, "column": 4 }, "end": { "line": 760, "column": 21 } },
			"218": { "start": { "line": 762, "column": 8 }, "end": { "line": 762, "column": 34 } },
			"219": { "start": { "line": 764, "column": 4 }, "end": { "line": 764, "column": 21 } },
			"220": { "start": { "line": 766, "column": 8 }, "end": { "line": 766, "column": 34 } },
			"221": { "start": { "line": 768, "column": 4 }, "end": { "line": 768, "column": 21 } },
			"222": { "start": { "line": 770, "column": 8 }, "end": { "line": 770, "column": 50 } },
			"223": { "start": { "line": 772, "column": 4 }, "end": { "line": 772, "column": 27 } },
			"224": { "start": { "line": 774, "column": 8 }, "end": { "line": 774, "column": 34 } },
			"225": { "start": { "line": 776, "column": 4 }, "end": { "line": 776, "column": 21 } },
			"226": { "start": { "line": 778, "column": 8 }, "end": { "line": 778, "column": 39 } },
			"227": { "start": { "line": 780, "column": 4 }, "end": { "line": 780, "column": 21 } },
			"228": { "start": { "line": 782, "column": 8 }, "end": { "line": 782, "column": 34 } },
			"229": { "start": { "line": 784, "column": 4 }, "end": { "line": 784, "column": 21 } },
			"230": { "start": { "line": 786, "column": 8 }, "end": { "line": 786, "column": 34 } },
			"231": { "start": { "line": 788, "column": 4 }, "end": { "line": 788, "column": 21 } },
			"232": { "start": { "line": 790, "column": 23 }, "end": { "line": 790, "column": 53 } },
			"233": { "start": { "line": 790, "column": 43 }, "end": { "line": 790, "column": 52 } },
			"234": { "start": { "line": 791, "column": 8 }, "end": { "line": 793, "column": 9 } },
			"235": { "start": { "line": 792, "column": 12 }, "end": { "line": 792, "column": 41 } },
			"236": { "start": { "line": 794, "column": 20 }, "end": { "line": 794, "column": 29 } },
			"237": { "start": { "line": 795, "column": 17 }, "end": { "line": 795, "column": 18 } },
			"238": { "start": { "line": 796, "column": 17 }, "end": { "line": 796, "column": 18 } },
			"239": { "start": { "line": 797, "column": 20 }, "end": { "line": 797, "column": 21 } },
			"240": { "start": { "line": 798, "column": 8 }, "end": { "line": 811, "column": 9 } },
			"241": { "start": { "line": 799, "column": 25 }, "end": { "line": 799, "column": 34 } },
			"242": { "start": { "line": 800, "column": 12 }, "end": { "line": 800, "column": 31 } },
			"243": { "start": { "line": 801, "column": 12 }, "end": { "line": 810, "column": 13 } },
			"244": { "start": { "line": 802, "column": 16 }, "end": { "line": 809, "column": 17 } },
			"245": { "start": { "line": 803, "column": 30 }, "end": { "line": 803, "column": 50 } },
			"246": { "start": { "line": 804, "column": 20 }, "end": { "line": 804, "column": 38 } },
			"247": { "start": { "line": 805, "column": 20 }, "end": { "line": 805, "column": 38 } },
			"248": { "start": { "line": 808, "column": 20 }, "end": { "line": 808, "column": 38 } },
			"249": { "start": { "line": 812, "column": 8 }, "end": { "line": 820, "column": 9 } },
			"250": { "start": { "line": 813, "column": 12 }, "end": { "line": 819, "column": 13 } },
			"251": { "start": { "line": 814, "column": 26 }, "end": { "line": 814, "column": 81 } },
			"252": { "start": { "line": 815, "column": 16 }, "end": { "line": 815, "column": 41 } },
			"253": { "start": { "line": 818, "column": 16 }, "end": { "line": 818, "column": 48 } },
			"254": { "start": { "line": 821, "column": 8 }, "end": { "line": 821, "column": 61 } },
			"255": { "start": { "line": 823, "column": 4 }, "end": { "line": 823, "column": 29 } },
			"256": { "start": { "line": 825, "column": 27 }, "end": { "line": 825, "column": 66 } },
			"257": { "start": { "line": 826, "column": 18 }, "end": { "line": 826, "column": 37 } },
			"258": { "start": { "line": 827, "column": 8 }, "end": { "line": 827, "column": 44 } },
			"259": { "start": { "line": 828, "column": 8 }, "end": { "line": 828, "column": 17 } },
			"260": { "start": { "line": 830, "column": 4 }, "end": { "line": 830, "column": 27 } },
			"261": { "start": { "line": 832, "column": 8 }, "end": { "line": 834, "column": 9 } },
			"262": { "start": { "line": 833, "column": 12 }, "end": { "line": 833, "column": 58 } },
			"263": { "start": { "line": 835, "column": 8 }, "end": { "line": 835, "column": 43 } },
			"264": { "start": { "line": 837, "column": 4 }, "end": { "line": 837, "column": 25 } },
			"265": { "start": { "line": 839, "column": 4 }, "end": { "line": 848, "column": 36 } },
			"266": { "start": { "line": 840, "column": 8 }, "end": { "line": 840, "column": 53 } },
			"267": { "start": { "line": 840, "column": 49 }, "end": { "line": 840, "column": 50 } },
			"268": { "start": { "line": 841, "column": 8 }, "end": { "line": 841, "column": 67 } },
			"269": { "start": { "line": 841, "column": 51 }, "end": { "line": 841, "column": 64 } },
			"270": { "start": { "line": 842, "column": 8 }, "end": { "line": 842, "column": 49 } },
			"271": { "start": { "line": 843, "column": 8 }, "end": { "line": 843, "column": 51 } },
			"272": { "start": { "line": 844, "column": 8 }, "end": { "line": 844, "column": 50 } },
			"273": { "start": { "line": 845, "column": 8 }, "end": { "line": 845, "column": 51 } },
			"274": { "start": { "line": 846, "column": 8 }, "end": { "line": 846, "column": 47 } },
			"275": { "start": { "line": 847, "column": 8 }, "end": { "line": 847, "column": 45 } },
			"276": { "start": { "line": 852, "column": 12 }, "end": { "line": 852, "column": 44 } },
			"277": { "start": { "line": 853, "column": 12 }, "end": { "line": 855, "column": 13 } },
			"278": { "start": { "line": 854, "column": 16 }, "end": { "line": 854, "column": 94 } },
			"279": { "start": { "line": 854, "column": 59 }, "end": { "line": 854, "column": 92 } },
			"280": { "start": { "line": 856, "column": 12 }, "end": { "line": 856, "column": 31 } },
			"281": { "start": { "line": 857, "column": 12 }, "end": { "line": 857, "column": 30 } },
			"282": { "start": { "line": 858, "column": 12 }, "end": { "line": 858, "column": 34 } },
			"283": { "start": { "line": 859, "column": 12 }, "end": { "line": 859, "column": 35 } },
			"284": { "start": { "line": 860, "column": 12 }, "end": { "line": 860, "column": 43 } },
			"285": { "start": { "line": 861, "column": 12 }, "end": { "line": 861, "column": 36 } },
			"286": { "start": { "line": 862, "column": 12 }, "end": { "line": 862, "column": 28 } },
			"287": { "start": { "line": 865, "column": 12 }, "end": { "line": 867, "column": 13 } },
			"288": { "start": { "line": 866, "column": 16 }, "end": { "line": 866, "column": 37 } },
			"289": { "start": { "line": 868, "column": 12 }, "end": { "line": 877, "column": 13 } },
			"290": { "start": { "line": 869, "column": 16 }, "end": { "line": 869, "column": 40 } },
			"291": { "start": { "line": 870, "column": 16 }, "end": { "line": 870, "column": 69 } },
			"292": { "start": { "line": 873, "column": 16 }, "end": { "line": 874, "column": 61 } },
			"293": { "start": { "line": 874, "column": 20 }, "end": { "line": 874, "column": 61 } },
			"294": { "start": { "line": 875, "column": 26 }, "end": { "line": 875, "column": 55 } },
			"295": { "start": { "line": 876, "column": 16 }, "end": { "line": 876, "column": 75 } },
			"296": { "start": { "line": 878, "column": 12 }, "end": { "line": 878, "column": 24 } },
			"297": { "start": { "line": 881, "column": 12 }, "end": { "line": 885, "column": 13 } },
			"298": { "start": { "line": 882, "column": 16 }, "end": { "line": 884, "column": 45 } },
			"299": { "start": { "line": 883, "column": 41 }, "end": { "line": 883, "column": 70 } },
			"300": { "start": { "line": 886, "column": 12 }, "end": { "line": 886, "column": 34 } },
			"301": { "start": { "line": 887, "column": 12 }, "end": { "line": 887, "column": 50 } },
			"302": { "start": { "line": 888, "column": 12 }, "end": { "line": 899, "column": 13 } },
			"303": { "start": { "line": 889, "column": 16 }, "end": { "line": 891, "column": 17 } },
			"304": { "start": { "line": 890, "column": 20 }, "end": { "line": 890, "column": 90 } },
			"305": { "start": { "line": 890, "column": 59 }, "end": { "line": 890, "column": 88 } },
			"306": { "start": { "line": 893, "column": 17 }, "end": { "line": 899, "column": 13 } },
			"307": { "start": { "line": 895, "column": 16 }, "end": { "line": 895, "column": 87 } },
			"308": { "start": { "line": 895, "column": 44 }, "end": { "line": 895, "column": 85 } },
			"309": { "start": { "line": 898, "column": 16 }, "end": { "line": 898, "column": 60 } },
			"310": { "start": { "line": 900, "column": 12 }, "end": { "line": 900, "column": 24 } },
			"311": { "start": { "line": 903, "column": 12 }, "end": { "line": 905, "column": 13 } },
			"312": { "start": { "line": 904, "column": 16 }, "end": { "line": 904, "column": 34 } },
			"313": { "start": { "line": 906, "column": 12 }, "end": { "line": 906, "column": 30 } },
			"314": { "start": { "line": 907, "column": 12 }, "end": { "line": 907, "column": 30 } },
			"315": { "start": { "line": 908, "column": 12 }, "end": { "line": 908, "column": 24 } },
			"316": { "start": { "line": 918, "column": 12 }, "end": { "line": 918, "column": 27 } },
			"317": { "start": { "line": 919, "column": 12 }, "end": { "line": 919, "column": 24 } },
			"318": { "start": { "line": 922, "column": 12 }, "end": { "line": 923, "column": 34 } },
			"319": { "start": { "line": 923, "column": 16 }, "end": { "line": 923, "column": 34 } },
			"320": { "start": { "line": 924, "column": 12 }, "end": { "line": 924, "column": 39 } },
			"321": { "start": { "line": 925, "column": 12 }, "end": { "line": 925, "column": 24 } },
			"322": { "start": { "line": 928, "column": 12 }, "end": { "line": 930, "column": 13 } },
			"323": { "start": { "line": 929, "column": 16 }, "end": { "line": 929, "column": 63 } },
			"324": { "start": { "line": 931, "column": 12 }, "end": { "line": 931, "column": 44 } },
			"325": { "start": { "line": 932, "column": 12 }, "end": { "line": 932, "column": 46 } },
			"326": { "start": { "line": 933, "column": 12 }, "end": { "line": 933, "column": 24 } },
			"327": { "start": { "line": 945, "column": 12 }, "end": { "line": 964, "column": 13 } },
			"328": { "start": { "line": 946, "column": 16 }, "end": { "line": 946, "column": 46 } },
			"329": { "start": { "line": 948, "column": 17 }, "end": { "line": 964, "column": 13 } },
			"330": { "start": { "line": 949, "column": 16 }, "end": { "line": 949, "column": 61 } },
			"331": { "start": { "line": 951, "column": 17 }, "end": { "line": 964, "column": 13 } },
			"332": { "start": { "line": 952, "column": 16 }, "end": { "line": 952, "column": 124 } },
			"333": { "start": { "line": 952, "column": 69 }, "end": { "line": 952, "column": 122 } },
			"334": { "start": { "line": 957, "column": 16 }, "end": { "line": 962, "column": 17 } },
			"335": { "start": { "line": 958, "column": 20 }, "end": { "line": 958, "column": 138 } },
			"336": { "start": { "line": 958, "column": 89 }, "end": { "line": 958, "column": 136 } },
			"337": { "start": { "line": 961, "column": 20 }, "end": { "line": 961, "column": 44 } },
			"338": { "start": { "line": 963, "column": 16 }, "end": { "line": 963, "column": 43 } },
			"339": { "start": { "line": 965, "column": 12 }, "end": { "line": 965, "column": 66 } },
			"340": { "start": { "line": 965, "column": 44 }, "end": { "line": 965, "column": 55 } },
			"341": { "start": { "line": 968, "column": 12 }, "end": { "line": 970, "column": 13 } },
			"342": { "start": { "line": 969, "column": 16 }, "end": { "line": 969, "column": 37 } },
			"343": { "start": { "line": 971, "column": 12 }, "end": { "line": 971, "column": 77 } },
			"344": { "start": { "line": 972, "column": 12 }, "end": { "line": 972, "column": 24 } },
			"345": { "start": { "line": 975, "column": 12 }, "end": { "line": 977, "column": 13 } },
			"346": { "start": { "line": 976, "column": 16 }, "end": { "line": 976, "column": 35 } },
			"347": { "start": { "line": 978, "column": 12 }, "end": { "line": 978, "column": 32 } },
			"348": { "start": { "line": 979, "column": 12 }, "end": { "line": 979, "column": 24 } },
			"349": { "start": { "line": 982, "column": 22 }, "end": { "line": 982, "column": 35 } },
			"350": { "start": { "line": 983, "column": 12 }, "end": { "line": 983, "column": 50 } },
			"351": { "start": { "line": 986, "column": 12 }, "end": { "line": 986, "column": 68 } },
			"352": { "start": { "line": 986, "column": 50 }, "end": { "line": 986, "column": 62 } },
			"353": { "start": { "line": 990, "column": 12 }, "end": { "line": 1008, "column": 13 } },
			"354": { "start": { "line": 991, "column": 28 }, "end": { "line": 991, "column": 37 } },
			"355": { "start": { "line": 991, "column": 45 }, "end": { "line": 991, "column": 54 } },
			"356": { "start": { "line": 992, "column": 16 }, "end": { "line": 1001, "column": 17 } },
			"357": { "start": { "line": 993, "column": 30 }, "end": { "line": 993, "column": 48 } },
			"358": { "start": { "line": 994, "column": 20 }, "end": { "line": 994, "column": 55 } },
			"359": { "start": { "line": 996, "column": 21 }, "end": { "line": 1001, "column": 17 } },
			"360": { "start": { "line": 997, "column": 20 }, "end": { "line": 997, "column": 50 } },
			"361": { "start": { "line": 1000, "column": 20 }, "end": { "line": 1000, "column": 26 } },
			"362": { "start": { "line": 1002, "column": 16 }, "end": { "line": 1004, "column": 17 } },
			"363": { "start": { "line": 1003, "column": 20 }, "end": { "line": 1003, "column": 52 } },
			"364": { "start": { "line": 1007, "column": 16 }, "end": { "line": 1007, "column": 24 } },
			"365": { "start": { "line": 1009, "column": 12 }, "end": { "line": 1009, "column": 33 } },
			"366": { "start": { "line": 1010, "column": 12 }, "end": { "line": 1010, "column": 87 } },
			"367": { "start": { "line": 1012, "column": 12 }, "end": { "line": 1012, "column": 31 } },
			"368": { "start": { "line": 1013, "column": 26 }, "end": { "line": 1013, "column": 27 } },
			"369": { "start": { "line": 1014, "column": 32 }, "end": { "line": 1014, "column": 69 } },
			"370": { "start": { "line": 1015, "column": 12 }, "end": { "line": 1045, "column": 13 } },
			"371": { "start": { "line": 1016, "column": 16 }, "end": { "line": 1016, "column": 35 } },
			"372": { "start": { "line": 1020, "column": 16 }, "end": { "line": 1040, "column": 17 } },
			"373": { "start": { "line": 1021, "column": 20 }, "end": { "line": 1036, "column": 21 } },
			"374": { "start": { "line": 1022, "column": 34 }, "end": { "line": 1022, "column": 46 } },
			"375": { "start": { "line": 1023, "column": 24 }, "end": { "line": 1026, "column": 25 } },
			"376": { "start": { "line": 1024, "column": 28 }, "end": { "line": 1024, "column": 50 } },
			"377": { "start": { "line": 1025, "column": 28 }, "end": { "line": 1025, "column": 34 } },
			"378": { "start": { "line": 1027, "column": 24 }, "end": { "line": 1030, "column": 25 } },
			"379": { "start": { "line": 1028, "column": 28 }, "end": { "line": 1028, "column": 50 } },
			"380": { "start": { "line": 1029, "column": 28 }, "end": { "line": 1029, "column": 34 } },
			"381": { "start": { "line": 1031, "column": 24 }, "end": { "line": 1035, "column": 25 } },
			"382": { "start": { "line": 1032, "column": 28 }, "end": { "line": 1032, "column": 65 } },
			"383": { "start": { "line": 1033, "column": 28 }, "end": { "line": 1033, "column": 106 } },
			"384": { "start": { "line": 1034, "column": 28 }, "end": { "line": 1034, "column": 34 } },
			"385": { "start": { "line": 1039, "column": 20 }, "end": { "line": 1039, "column": 42 } },
			"386": { "start": { "line": 1041, "column": 16 }, "end": { "line": 1043, "column": 17 } },
			"387": { "start": { "line": 1042, "column": 20 }, "end": { "line": 1042, "column": 48 } },
			"388": { "start": { "line": 1044, "column": 16 }, "end": { "line": 1044, "column": 27 } },
			"389": { "start": { "line": 1048, "column": 23 }, "end": { "line": 1048, "column": 51 } },
			"390": { "start": { "line": 1049, "column": 23 }, "end": { "line": 1049, "column": 51 } },
			"391": { "start": { "line": 1050, "column": 28 }, "end": { "line": 1050, "column": 46 } },
			"392": { "start": { "line": 1051, "column": 12 }, "end": { "line": 1051, "column": 89 } },
			"393": { "start": { "line": 1051, "column": 40 }, "end": { "line": 1051, "column": 78 } },
			"394": { "start": { "line": 1054, "column": 12 }, "end": { "line": 1054, "column": 32 } },
			"395": { "start": { "line": 1058, "column": 19 }, "end": { "line": 1058, "column": 31 } },
			"396": { "start": { "line": 1058, "column": 24 }, "end": { "line": 1058, "column": 31 } },
			"397": { "start": { "line": 1059, "column": 8 }, "end": { "line": 1059, "column": 100 } },
			"398": { "start": { "line": 1059, "column": 68 }, "end": { "line": 1059, "column": 97 } },
			"399": { "start": { "line": 1060, "column": 8 }, "end": { "line": 1061, "column": 27 } },
			"400": { "start": { "line": 1061, "column": 12 }, "end": { "line": 1061, "column": 27 } },
			"401": { "start": { "line": 1062, "column": 8 }, "end": { "line": 1063, "column": 42 } },
			"402": { "start": { "line": 1063, "column": 12 }, "end": { "line": 1063, "column": 42 } },
			"403": { "start": { "line": 1064, "column": 8 }, "end": { "line": 1064, "column": 82 } },
			"404": { "start": { "line": 1064, "column": 70 }, "end": { "line": 1064, "column": 79 } },
			"405": { "start": { "line": 1066, "column": 8 }, "end": { "line": 1066, "column": 17 } },
			"406": { "start": { "line": 1068, "column": 4 }, "end": { "line": 1068, "column": 25 } },
			"407": { "start": { "line": 1070, "column": 4 }, "end": { "line": 1079, "column": 55 } },
			"408": { "start": { "line": 1072, "column": 12 }, "end": { "line": 1072, "column": 86 } },
			"409": { "start": { "line": 1074, "column": 8 }, "end": { "line": 1074, "column": 27 } },
			"410": { "start": { "line": 1076, "column": 12 }, "end": { "line": 1076, "column": 78 } },
			"411": { "start": { "line": 1078, "column": 8 }, "end": { "line": 1078, "column": 25 } },
			"412": { "start": { "line": 1087, "column": 19 }, "end": { "line": 1087, "column": 40 } },
			"413": { "start": { "line": 1088, "column": 19 }, "end": { "line": 1088, "column": 40 } },
			"414": { "start": { "line": 1089, "column": 8 }, "end": { "line": 1094, "column": 9 } },
			"415": { "start": { "line": 1090, "column": 12 }, "end": { "line": 1090, "column": 45 } },
			"416": { "start": { "line": 1093, "column": 12 }, "end": { "line": 1093, "column": 45 } },
			"417": { "start": { "line": 1096, "column": 4 }, "end": { "line": 1096, "column": 31 } },
			"418": { "start": { "line": 1104, "column": 19 }, "end": { "line": 1104, "column": 36 } },
			"419": { "start": { "line": 1105, "column": 19 }, "end": { "line": 1105, "column": 36 } },
			"420": { "start": { "line": 1106, "column": 35 }, "end": { "line": 1106, "column": 106 } },
			"421": { "start": { "line": 1106, "column": 74 }, "end": { "line": 1106, "column": 105 } },
			"422": { "start": { "line": 1107, "column": 8 }, "end": { "line": 1107, "column": 49 } },
			"423": { "start": { "line": 1109, "column": 4 }, "end": { "line": 1109, "column": 31 } },
			"424": { "start": { "line": 1111, "column": 29 }, "end": { "line": 1111, "column": 44 } },
			"425": { "start": { "line": 1112, "column": 29 }, "end": { "line": 1112, "column": 44 } },
			"426": { "start": { "line": 1113, "column": 19 }, "end": { "line": 1113, "column": 42 } },
			"427": { "start": { "line": 1114, "column": 19 }, "end": { "line": 1114, "column": 42 } },
			"428": { "start": { "line": 1115, "column": 19 }, "end": { "line": 1115, "column": 77 } },
			"429": { "start": { "line": 1116, "column": 19 }, "end": { "line": 1116, "column": 62 } },
			"430": { "start": { "line": 1117, "column": 17 }, "end": { "line": 1117, "column": 67 } },
			"431": { "start": { "line": 1118, "column": 8 }, "end": { "line": 1120, "column": 9 } },
			"432": { "start": { "line": 1119, "column": 12 }, "end": { "line": 1119, "column": 22 } },
			"433": { "start": { "line": 1121, "column": 8 }, "end": { "line": 1123, "column": 9 } },
			"434": { "start": { "line": 1122, "column": 12 }, "end": { "line": 1122, "column": 22 } },
			"435": { "start": { "line": 1124, "column": 18 }, "end": { "line": 1126, "column": 63 } },
			"436": { "start": { "line": 1127, "column": 19 }, "end": { "line": 1127, "column": 36 } },
			"437": { "start": { "line": 1128, "column": 18 }, "end": { "line": 1128, "column": 42 } },
			"438": { "start": { "line": 1129, "column": 19 }, "end": { "line": 1129, "column": 41 } },
			"439": { "start": { "line": 1130, "column": 21 }, "end": { "line": 1130, "column": 28 } },
			"440": { "start": { "line": 1131, "column": 21 }, "end": { "line": 1131, "column": 28 } },
			"441": { "start": { "line": 1132, "column": 21 }, "end": { "line": 1132, "column": 28 } },
			"442": { "start": { "line": 1133, "column": 21 }, "end": { "line": 1133, "column": 28 } },
			"443": { "start": { "line": 1134, "column": 20 }, "end": { "line": 1134, "column": 59 } },
			"444": { "start": { "line": 1135, "column": 19 }, "end": { "line": 1135, "column": 34 } },
			"445": { "start": { "line": 1136, "column": 19 }, "end": { "line": 1136, "column": 34 } },
			"446": { "start": { "line": 1137, "column": 19 }, "end": { "line": 1137, "column": 21 } },
			"447": { "start": { "line": 1138, "column": 8 }, "end": { "line": 1138, "column": 57 } },
			"448": { "start": { "line": 1140, "column": 4 }, "end": { "line": 1140, "column": 27 } },
			"449": { "start": { "line": 1142, "column": 18 }, "end": { "line": 1148, "column": 9 } },
			"450": { "start": { "line": 1150, "column": 12 }, "end": { "line": 1158, "column": 13 } },
			"451": { "start": { "line": 1151, "column": 16 }, "end": { "line": 1151, "column": 35 } },
			"452": { "start": { "line": 1152, "column": 16 }, "end": { "line": 1152, "column": 29 } },
			"453": { "start": { "line": 1153, "column": 16 }, "end": { "line": 1154, "column": 32 } },
			"454": { "start": { "line": 1154, "column": 20 }, "end": { "line": 1154, "column": 32 } },
			"455": { "start": { "line": 1155, "column": 16 }, "end": { "line": 1156, "column": 32 } },
			"456": { "start": { "line": 1156, "column": 20 }, "end": { "line": 1156, "column": 32 } },
			"457": { "start": { "line": 1157, "column": 16 }, "end": { "line": 1157, "column": 29 } },
			"458": { "start": { "line": 1160, "column": 8 }, "end": { "line": 1160, "column": 38 } },
			"459": { "start": { "line": 1160, "column": 28 }, "end": { "line": 1160, "column": 36 } },
			"460": { "start": { "line": 1161, "column": 8 }, "end": { "line": 1161, "column": 34 } },
			"461": { "start": { "line": 1162, "column": 8 }, "end": { "line": 1164, "column": 10 } },
			"462": { "start": { "line": 1163, "column": 12 }, "end": { "line": 1163, "column": 50 } },
			"463": { "start": { "line": 1165, "column": 8 }, "end": { "line": 1165, "column": 17 } },
			"464": { "start": { "line": 1167, "column": 4 }, "end": { "line": 1167, "column": 29 } },
			"465": { "start": { "line": 1169, "column": 21 }, "end": { "line": 1169, "column": 70 } },
			"466": { "start": { "line": 1170, "column": 37 }, "end": { "line": 1170, "column": 41 } },
			"467": { "start": { "line": 1171, "column": 8 }, "end": { "line": 1171, "column": 37 } },
			"468": { "start": { "line": 1171, "column": 30 }, "end": { "line": 1171, "column": 35 } },
			"469": { "start": { "line": 1172, "column": 8 }, "end": { "line": 1174, "column": 9 } },
			"470": { "start": { "line": 1173, "column": 12 }, "end": { "line": 1173, "column": 30 } },
			"471": { "start": { "line": 1175, "column": 8 }, "end": { "line": 1252, "column": 9 } },
			"472": { "start": { "line": 1176, "column": 12 }, "end": { "line": 1176, "column": 30 } },
			"473": { "start": { "line": 1178, "column": 13 }, "end": { "line": 1252, "column": 9 } },
			"474": { "start": { "line": 1179, "column": 12 }, "end": { "line": 1179, "column": 86 } },
			"475": { "start": { "line": 1179, "column": 61 }, "end": { "line": 1179, "column": 84 } },
			"476": { "start": { "line": 1181, "column": 13 }, "end": { "line": 1252, "column": 9 } },
			"477": { "start": { "line": 1182, "column": 12 }, "end": { "line": 1184, "column": 13 } },
			"478": { "start": { "line": 1183, "column": 16 }, "end": { "line": 1183, "column": 87 } },
			"479": { "start": { "line": 1185, "column": 28 }, "end": { "line": 1185, "column": 50 } },
			"480": { "start": { "line": 1186, "column": 28 }, "end": { "line": 1186, "column": 50 } },
			"481": { "start": { "line": 1187, "column": 12 }, "end": { "line": 1187, "column": 100 } },
			"482": { "start": { "line": 1187, "column": 61 }, "end": { "line": 1187, "column": 98 } },
			"483": { "start": { "line": 1189, "column": 13 }, "end": { "line": 1252, "column": 9 } },
			"484": { "start": { "line": 1190, "column": 12 }, "end": { "line": 1194, "column": 15 } },
			"485": { "start": { "line": 1191, "column": 26 }, "end": { "line": 1191, "column": 57 } },
			"486": { "start": { "line": 1192, "column": 27 }, "end": { "line": 1192, "column": 35 } },
			"487": { "start": { "line": 1193, "column": 16 }, "end": { "line": 1193, "column": 87 } },
			"488": { "start": { "line": 1196, "column": 13 }, "end": { "line": 1252, "column": 9 } },
			"489": { "start": { "line": 1200, "column": 22 }, "end": { "line": 1200, "column": 35 } },
			"490": { "start": { "line": 1201, "column": 32 }, "end": { "line": 1201, "column": 44 } },
			"491": { "start": { "line": 1202, "column": 33 }, "end": { "line": 1202, "column": 47 } },
			"492": { "start": { "line": 1203, "column": 25 }, "end": { "line": 1203, "column": 29 } },
			"493": { "start": { "line": 1204, "column": 27 }, "end": { "line": 1204, "column": 28 } },
			"494": { "start": { "line": 1205, "column": 28 }, "end": { "line": 1205, "column": 94 } },
			"495": { "start": { "line": 1205, "column": 70 }, "end": { "line": 1205, "column": 93 } },
			"496": { "start": { "line": 1206, "column": 12 }, "end": { "line": 1227, "column": 49 } },
			"497": { "start": { "line": 1208, "column": 16 }, "end": { "line": 1208, "column": 37 } },
			"498": { "start": { "line": 1209, "column": 16 }, "end": { "line": 1214, "column": 17 } },
			"499": { "start": { "line": 1210, "column": 34 }, "end": { "line": 1210, "column": 43 } },
			"500": { "start": { "line": 1211, "column": 41 }, "end": { "line": 1211, "column": 84 } },
			"501": { "start": { "line": 1211, "column": 68 }, "end": { "line": 1211, "column": 83 } },
			"502": { "start": { "line": 1212, "column": 20 }, "end": { "line": 1212, "column": 49 } },
			"503": { "start": { "line": 1213, "column": 20 }, "end": { "line": 1213, "column": 50 } },
			"504": { "start": { "line": 1216, "column": 37 }, "end": { "line": 1216, "column": 59 } },
			"505": { "start": { "line": 1217, "column": 16 }, "end": { "line": 1220, "column": 17 } },
			"506": { "start": { "line": 1218, "column": 36 }, "end": { "line": 1218, "column": 50 } },
			"507": { "start": { "line": 1219, "column": 20 }, "end": { "line": 1219, "column": 55 } },
			"508": { "start": { "line": 1221, "column": 16 }, "end": { "line": 1223, "column": 17 } },
			"509": { "start": { "line": 1222, "column": 20 }, "end": { "line": 1222, "column": 55 } },
			"510": { "start": { "line": 1225, "column": 16 }, "end": { "line": 1225, "column": 74 } },
			"511": { "start": { "line": 1225, "column": 54 }, "end": { "line": 1225, "column": 72 } },
			"512": { "start": { "line": 1226, "column": 16 }, "end": { "line": 1226, "column": 41 } },
			"513": { "start": { "line": 1230, "column": 30 }, "end": { "line": 1230, "column": 67 } },
			"514": { "start": { "line": 1230, "column": 64 }, "end": { "line": 1230, "column": 66 } },
			"515": { "start": { "line": 1231, "column": 12 }, "end": { "line": 1234, "column": 13 } },
			"516": { "start": { "line": 1232, "column": 32 }, "end": { "line": 1232, "column": 46 } },
			"517": { "start": { "line": 1233, "column": 16 }, "end": { "line": 1233, "column": 51 } },
			"518": { "start": { "line": 1235, "column": 36 }, "end": { "line": 1235, "column": 38 } },
			"519": { "start": { "line": 1236, "column": 12 }, "end": { "line": 1238, "column": 13 } },
			"520": { "start": { "line": 1237, "column": 16 }, "end": { "line": 1237, "column": 81 } },
			"521": { "start": { "line": 1239, "column": 12 }, "end": { "line": 1239, "column": 50 } },
			"522": { "start": { "line": 1239, "column": 43 }, "end": { "line": 1239, "column": 48 } },
			"523": { "start": { "line": 1240, "column": 27 }, "end": { "line": 1240, "column": 29 } },
			"524": { "start": { "line": 1241, "column": 12 }, "end": { "line": 1241, "column": 44 } },
			"525": { "start": { "line": 1242, "column": 12 }, "end": { "line": 1247, "column": 13 } },
			"526": { "start": { "line": 1243, "column": 26 }, "end": { "line": 1243, "column": 44 } },
			"527": { "start": { "line": 1244, "column": 16 }, "end": { "line": 1246, "column": 17 } },
			"528": { "start": { "line": 1245, "column": 20 }, "end": { "line": 1245, "column": 35 } },
			"529": { "start": { "line": 1248, "column": 12 }, "end": { "line": 1248, "column": 26 } },
			"530": { "start": { "line": 1251, "column": 12 }, "end": { "line": 1251, "column": 44 } },
			"531": { "start": { "line": 1254, "column": 4 }, "end": { "line": 1254, "column": 27 } },
			"532": { "start": { "line": 1256, "column": 0 }, "end": { "line": 1256, "column": 24 } },
			"533": { "start": { "line": 1257, "column": 22 }, "end": { "line": 1257, "column": 24 } },
			"534": { "start": { "line": 1259, "column": 15 }, "end": { "line": 1259, "column": 17 } },
			"535": { "start": { "line": 1261, "column": 17 }, "end": { "line": 1261, "column": 26 } },
			"536": { "start": { "line": 1262, "column": 17 }, "end": { "line": 1262, "column": 26 } },
			"537": { "start": { "line": 1263, "column": 4 }, "end": { "line": 1268, "column": 10 } },
			"538": { "start": { "line": 1270, "column": 0 }, "end": { "line": 1270, "column": 40 } },
			"539": { "start": { "line": 1271, "column": 0 }, "end": { "line": 1271, "column": 40 } },
			"540": { "start": { "line": 1272, "column": 0 }, "end": { "line": 1272, "column": 40 } },
			"541": { "start": { "line": 1273, "column": 0 }, "end": { "line": 1277, "column": 2 } },
			"542": { "start": { "line": 1274, "column": 15 }, "end": { "line": 1274, "column": 25 } },
			"543": { "start": { "line": 1275, "column": 15 }, "end": { "line": 1275, "column": 25 } },
			"544": { "start": { "line": 1276, "column": 4 }, "end": { "line": 1276, "column": 39 } },
			"545": { "start": { "line": 1278, "column": 0 }, "end": { "line": 1287, "column": 2 } },
			"546": { "start": { "line": 1279, "column": 29 }, "end": { "line": 1279, "column": 52 } },
			"547": { "start": { "line": 1280, "column": 29 }, "end": { "line": 1280, "column": 52 } },
			"548": { "start": { "line": 1281, "column": 4 }, "end": { "line": 1286, "column": 7 } },
			"549": { "start": { "line": 1289, "column": 19 }, "end": { "line": 1289, "column": 49 } },
			"550": { "start": { "line": 1289, "column": 39 }, "end": { "line": 1289, "column": 48 } },
			"551": { "start": { "line": 1290, "column": 37 }, "end": { "line": 1290, "column": 61 } },
			"552": { "start": { "line": 1290, "column": 53 }, "end": { "line": 1290, "column": 60 } },
			"553": { "start": { "line": 1291, "column": 4 }, "end": { "line": 1313, "column": 26 } },
			"554": { "start": { "line": 1293, "column": 8 }, "end": { "line": 1295, "column": 10 } },
			"555": { "start": { "line": 1294, "column": 12 }, "end": { "line": 1294, "column": 77 } },
			"556": { "start": { "line": 1294, "column": 49 }, "end": { "line": 1294, "column": 74 } },
			"557": { "start": { "line": 1297, "column": 9 }, "end": { "line": 1313, "column": 26 } },
			"558": { "start": { "line": 1299, "column": 24 }, "end": { "line": 1299, "column": 97 } },
			"559": { "start": { "line": 1299, "column": 43 }, "end": { "line": 1299, "column": 97 } },
			"560": { "start": { "line": 1300, "column": 8 }, "end": { "line": 1300, "column": 90 } },
			"561": { "start": { "line": 1300, "column": 20 }, "end": { "line": 1300, "column": 89 } },
			"562": { "start": { "line": 1300, "column": 50 }, "end": { "line": 1300, "column": 87 } },
			"563": { "start": { "line": 1302, "column": 9 }, "end": { "line": 1313, "column": 26 } },
			"564": { "start": { "line": 1304, "column": 24 }, "end": { "line": 1304, "column": 134 } },
			"565": { "start": { "line": 1304, "column": 47 }, "end": { "line": 1304, "column": 134 } },
			"566": { "start": { "line": 1305, "column": 8 }, "end": { "line": 1305, "column": 99 } },
			"567": { "start": { "line": 1305, "column": 20 }, "end": { "line": 1305, "column": 98 } },
			"568": { "start": { "line": 1305, "column": 50 }, "end": { "line": 1305, "column": 96 } },
			"569": { "start": { "line": 1307, "column": 9 }, "end": { "line": 1313, "column": 26 } },
			"570": { "start": { "line": 1308, "column": 19 }, "end": { "line": 1308, "column": 46 } },
			"571": { "start": { "line": 1309, "column": 19 }, "end": { "line": 1309, "column": 46 } },
			"572": { "start": { "line": 1310, "column": 8 }, "end": { "line": 1310, "column": 62 } },
			"573": { "start": { "line": 1310, "column": 21 }, "end": { "line": 1310, "column": 60 } },
			"574": { "start": { "line": 1313, "column": 8 }, "end": { "line": 1313, "column": 26 } },
			"575": { "start": { "line": 1316, "column": 4 }, "end": { "line": 1317, "column": 23 } },
			"576": { "start": { "line": 1317, "column": 8 }, "end": { "line": 1317, "column": 23 } },
			"577": { "start": { "line": 1318, "column": 4 }, "end": { "line": 1336, "column": 5 } },
			"578": { "start": { "line": 1319, "column": 8 }, "end": { "line": 1335, "column": 82 } },
			"579": { "start": { "line": 1320, "column": 12 }, "end": { "line": 1320, "column": 26 } },
			"580": { "start": { "line": 1322, "column": 13 }, "end": { "line": 1335, "column": 82 } },
			"581": { "start": { "line": 1323, "column": 12 }, "end": { "line": 1323, "column": 25 } },
			"582": { "start": { "line": 1325, "column": 13 }, "end": { "line": 1335, "column": 82 } },
			"583": { "start": { "line": 1326, "column": 12 }, "end": { "line": 1326, "column": 25 } },
			"584": { "start": { "line": 1328, "column": 13 }, "end": { "line": 1335, "column": 82 } },
			"585": { "start": { "line": 1329, "column": 12 }, "end": { "line": 1329, "column": 25 } },
			"586": { "start": { "line": 1331, "column": 13 }, "end": { "line": 1335, "column": 82 } },
			"587": { "start": { "line": 1332, "column": 12 }, "end": { "line": 1332, "column": 25 } },
			"588": { "start": { "line": 1335, "column": 12 }, "end": { "line": 1335, "column": 82 } },
			"589": { "start": { "line": 1337, "column": 16 }, "end": { "line": 1337, "column": 37 } },
			"590": { "start": { "line": 1338, "column": 4 }, "end": { "line": 1340, "column": 5 } },
			"591": { "start": { "line": 1338, "column": 22 }, "end": { "line": 1338, "column": 42 } },
			"592": { "start": { "line": 1339, "column": 8 }, "end": { "line": 1339, "column": 39 } },
			"593": { "start": { "line": 1341, "column": 4 }, "end": { "line": 1341, "column": 26 } },
			"594": { "start": { "line": 1344, "column": 21 }, "end": { "line": 1344, "column": 22 } },
			"595": { "start": { "line": 1344, "column": 37 }, "end": { "line": 1344, "column": 38 } },
			"596": { "start": { "line": 1344, "column": 53 }, "end": { "line": 1344, "column": 54 } },
			"597": { "start": { "line": 1344, "column": 67 }, "end": { "line": 1344, "column": 68 } },
			"598": { "start": { "line": 1345, "column": 4 }, "end": { "line": 1351, "column": 5 } },
			"599": { "start": { "line": 1346, "column": 33 }, "end": { "line": 1346, "column": 55 } },
			"600": { "start": { "line": 1347, "column": 8 }, "end": { "line": 1347, "column": 29 } },
			"601": { "start": { "line": 1348, "column": 8 }, "end": { "line": 1348, "column": 29 } },
			"602": { "start": { "line": 1349, "column": 8 }, "end": { "line": 1349, "column": 29 } },
			"603": { "start": { "line": 1350, "column": 8 }, "end": { "line": 1350, "column": 26 } },
			"604": { "start": { "line": 1352, "column": 4 }, "end": { "line": 1357, "column": 7 } },
			"605": { "start": { "line": 1361, "column": 4 }, "end": { "line": 1371, "column": 5 } },
			"606": { "start": { "line": 1362, "column": 8 }, "end": { "line": 1362, "column": 113 } },
			"607": { "start": { "line": 1364, "column": 9 }, "end": { "line": 1371, "column": 5 } },
			"608": { "start": { "line": 1365, "column": 8 }, "end": { "line": 1370, "column": 10 } },
			"609": { "start": { "line": 1372, "column": 4 }, "end": { "line": 1372, "column": 49 } },
			"610": { "start": { "line": 1375, "column": 23 }, "end": { "line": 1375, "column": 31 } },
			"611": { "start": { "line": 1376, "column": 4 }, "end": { "line": 1376, "column": 37 } },
			"612": { "start": { "line": 1377, "column": 4 }, "end": { "line": 1377, "column": 37 } },
			"613": { "start": { "line": 1378, "column": 4 }, "end": { "line": 1378, "column": 37 } },
			"614": { "start": { "line": 1379, "column": 16 }, "end": { "line": 1379, "column": 40 } },
			"615": { "start": { "line": 1380, "column": 22 }, "end": { "line": 1380, "column": 55 } },
			"616": { "start": { "line": 1381, "column": 24 }, "end": { "line": 1383, "column": 25 } },
			"617": { "start": { "line": 1384, "column": 4 }, "end": { "line": 1384, "column": 115 } },
			"618": { "start": { "line": 1386, "column": 0 }, "end": { "line": 1386, "column": 25 } },
			"619": { "start": { "line": 1387, "column": 0 }, "end": { "line": 1387, "column": 21 } },
			"620": { "start": { "line": 1389, "column": 4 }, "end": { "line": 1389, "column": 13 } },
			"621": { "start": { "line": 1390, "column": 4 }, "end": { "line": 1390, "column": 13 } },
			"622": { "start": { "line": 1391, "column": 4 }, "end": { "line": 1391, "column": 13 } },
			"623": { "start": { "line": 1392, "column": 16 }, "end": { "line": 1392, "column": 33 } },
			"624": { "start": { "line": 1393, "column": 16 }, "end": { "line": 1393, "column": 33 } },
			"625": { "start": { "line": 1394, "column": 14 }, "end": { "line": 1394, "column": 29 } },
			"626": { "start": { "line": 1395, "column": 23 }, "end": { "line": 1395, "column": 24 } },
			"627": { "start": { "line": 1396, "column": 4 }, "end": { "line": 1411, "column": 5 } },
			"628": { "start": { "line": 1397, "column": 8 }, "end": { "line": 1397, "column": 14 } },
			"629": { "start": { "line": 1398, "column": 8 }, "end": { "line": 1398, "column": 22 } },
			"630": { "start": { "line": 1401, "column": 8 }, "end": { "line": 1401, "column": 80 } },
			"631": { "start": { "line": 1402, "column": 8 }, "end": { "line": 1410, "column": 9 } },
			"632": { "start": { "line": 1403, "column": 12 }, "end": { "line": 1403, "column": 64 } },
			"633": { "start": { "line": 1405, "column": 13 }, "end": { "line": 1410, "column": 9 } },
			"634": { "start": { "line": 1406, "column": 12 }, "end": { "line": 1406, "column": 50 } },
			"635": { "start": { "line": 1408, "column": 13 }, "end": { "line": 1410, "column": 9 } },
			"636": { "start": { "line": 1409, "column": 12 }, "end": { "line": 1409, "column": 50 } },
			"637": { "start": { "line": 1412, "column": 4 }, "end": { "line": 1412, "column": 34 } },
			"638": { "start": { "line": 1414, "column": 0 }, "end": { "line": 1414, "column": 21 } },
			"639": { "start": { "line": 1416, "column": 4 }, "end": { "line": 1416, "column": 41 } },
			"640": { "start": { "line": 1419, "column": 4 }, "end": { "line": 1419, "column": 13 } },
			"641": { "start": { "line": 1420, "column": 4 }, "end": { "line": 1448, "column": 5 } },
			"642": { "start": { "line": 1421, "column": 8 }, "end": { "line": 1421, "column": 28 } },
			"643": { "start": { "line": 1424, "column": 26 }, "end": { "line": 1424, "column": 41 } },
			"644": { "start": { "line": 1425, "column": 18 }, "end": { "line": 1425, "column": 34 } },
			"645": { "start": { "line": 1426, "column": 18 }, "end": { "line": 1426, "column": 31 } },
			"646": { "start": { "line": 1427, "column": 18 }, "end": { "line": 1427, "column": 29 } },
			"647": { "start": { "line": 1428, "column": 18 }, "end": { "line": 1428, "column": 33 } },
			"648": { "start": { "line": 1429, "column": 18 }, "end": { "line": 1429, "column": 39 } },
			"649": { "start": { "line": 1430, "column": 8 }, "end": { "line": 1447, "column": 9 } },
			"650": { "start": { "line": 1431, "column": 12 }, "end": { "line": 1431, "column": 32 } },
			"651": { "start": { "line": 1433, "column": 13 }, "end": { "line": 1447, "column": 9 } },
			"652": { "start": { "line": 1434, "column": 12 }, "end": { "line": 1434, "column": 32 } },
			"653": { "start": { "line": 1436, "column": 13 }, "end": { "line": 1447, "column": 9 } },
			"654": { "start": { "line": 1437, "column": 12 }, "end": { "line": 1437, "column": 32 } },
			"655": { "start": { "line": 1439, "column": 13 }, "end": { "line": 1447, "column": 9 } },
			"656": { "start": { "line": 1440, "column": 12 }, "end": { "line": 1440, "column": 32 } },
			"657": { "start": { "line": 1442, "column": 13 }, "end": { "line": 1447, "column": 9 } },
			"658": { "start": { "line": 1443, "column": 12 }, "end": { "line": 1443, "column": 32 } },
			"659": { "start": { "line": 1446, "column": 12 }, "end": { "line": 1446, "column": 32 } },
			"660": { "start": { "line": 1451, "column": 16 }, "end": { "line": 1451, "column": 33 } },
			"661": { "start": { "line": 1452, "column": 16 }, "end": { "line": 1452, "column": 33 } },
			"662": { "start": { "line": 1453, "column": 18 }, "end": { "line": 1453, "column": 27 } },
			"663": { "start": { "line": 1454, "column": 14 }, "end": { "line": 1454, "column": 25 } },
			"664": { "start": { "line": 1456, "column": 14 }, "end": { "line": 1456, "column": 40 } },
			"665": { "start": { "line": 1457, "column": 4 }, "end": { "line": 1468, "column": 5 } },
			"666": { "start": { "line": 1458, "column": 8 }, "end": { "line": 1458, "column": 22 } },
			"667": { "start": { "line": 1460, "column": 9 }, "end": { "line": 1468, "column": 5 } },
			"668": { "start": { "line": 1461, "column": 8 }, "end": { "line": 1461, "column": 54 } },
			"669": { "start": { "line": 1463, "column": 9 }, "end": { "line": 1468, "column": 5 } },
			"670": { "start": { "line": 1464, "column": 8 }, "end": { "line": 1464, "column": 40 } },
			"671": { "start": { "line": 1467, "column": 8 }, "end": { "line": 1467, "column": 40 } },
			"672": { "start": { "line": 1469, "column": 4 }, "end": { "line": 1469, "column": 34 } },
			"673": { "start": { "line": 1471, "column": 0 }, "end": { "line": 1471, "column": 21 } },
			"674": { "start": { "line": 1473, "column": 4 }, "end": { "line": 1475, "column": 5 } },
			"675": { "start": { "line": 1474, "column": 8 }, "end": { "line": 1474, "column": 53 } },
			"676": { "start": { "line": 1476, "column": 14 }, "end": { "line": 1476, "column": 23 } },
			"677": { "start": { "line": 1477, "column": 14 }, "end": { "line": 1477, "column": 31 } },
			"678": { "start": { "line": 1478, "column": 14 }, "end": { "line": 1478, "column": 24 } },
			"679": { "start": { "line": 1479, "column": 4 }, "end": { "line": 1479, "column": 24 } },
			"680": { "start": { "line": 1482, "column": 4 }, "end": { "line": 1482, "column": 72 } },
			"681": { "start": { "line": 1484, "column": 0 }, "end": { "line": 1484, "column": 21 } },
			"682": { "start": { "line": 1486, "column": 4 }, "end": { "line": 1515, "column": 5 } },
			"683": { "start": { "line": 1487, "column": 8 }, "end": { "line": 1487, "column": 46 } },
			"684": { "start": { "line": 1490, "column": 26 }, "end": { "line": 1490, "column": 41 } },
			"685": { "start": { "line": 1491, "column": 18 }, "end": { "line": 1491, "column": 34 } },
			"686": { "start": { "line": 1492, "column": 18 }, "end": { "line": 1492, "column": 31 } },
			"687": { "start": { "line": 1493, "column": 18 }, "end": { "line": 1493, "column": 29 } },
			"688": { "start": { "line": 1494, "column": 18 }, "end": { "line": 1494, "column": 41 } },
			"689": { "start": { "line": 1495, "column": 18 }, "end": { "line": 1495, "column": 35 } },
			"690": { "start": { "line": 1496, "column": 18 }, "end": { "line": 1496, "column": 31 } },
			"691": { "start": { "line": 1497, "column": 8 }, "end": { "line": 1514, "column": 9 } },
			"692": { "start": { "line": 1498, "column": 12 }, "end": { "line": 1498, "column": 32 } },
			"693": { "start": { "line": 1500, "column": 13 }, "end": { "line": 1514, "column": 9 } },
			"694": { "start": { "line": 1501, "column": 12 }, "end": { "line": 1501, "column": 32 } },
			"695": { "start": { "line": 1503, "column": 13 }, "end": { "line": 1514, "column": 9 } },
			"696": { "start": { "line": 1504, "column": 12 }, "end": { "line": 1504, "column": 32 } },
			"697": { "start": { "line": 1506, "column": 13 }, "end": { "line": 1514, "column": 9 } },
			"698": { "start": { "line": 1507, "column": 12 }, "end": { "line": 1507, "column": 32 } },
			"699": { "start": { "line": 1509, "column": 13 }, "end": { "line": 1514, "column": 9 } },
			"700": { "start": { "line": 1510, "column": 12 }, "end": { "line": 1510, "column": 32 } },
			"701": { "start": { "line": 1513, "column": 12 }, "end": { "line": 1513, "column": 32 } },
			"702": { "start": { "line": 1518, "column": 4 }, "end": { "line": 1518, "column": 13 } },
			"703": { "start": { "line": 1519, "column": 4 }, "end": { "line": 1519, "column": 13 } },
			"704": { "start": { "line": 1520, "column": 4 }, "end": { "line": 1520, "column": 13 } },
			"705": { "start": { "line": 1521, "column": 16 }, "end": { "line": 1521, "column": 33 } },
			"706": { "start": { "line": 1522, "column": 16 }, "end": { "line": 1522, "column": 33 } },
			"707": { "start": { "line": 1523, "column": 14 }, "end": { "line": 1523, "column": 23 } },
			"708": { "start": { "line": 1524, "column": 15 }, "end": { "line": 1524, "column": 40 } },
			"709": { "start": { "line": 1526, "column": 4 }, "end": { "line": 1538, "column": 5 } },
			"710": { "start": { "line": 1527, "column": 8 }, "end": { "line": 1527, "column": 22 } },
			"711": { "start": { "line": 1529, "column": 9 }, "end": { "line": 1538, "column": 5 } },
			"712": { "start": { "line": 1531, "column": 8 }, "end": { "line": 1531, "column": 50 } },
			"713": { "start": { "line": 1533, "column": 9 }, "end": { "line": 1538, "column": 5 } },
			"714": { "start": { "line": 1534, "column": 8 }, "end": { "line": 1534, "column": 36 } },
			"715": { "start": { "line": 1537, "column": 8 }, "end": { "line": 1537, "column": 36 } },
			"716": { "start": { "line": 1539, "column": 4 }, "end": { "line": 1539, "column": 35 } },
			"717": { "start": { "line": 1541, "column": 0 }, "end": { "line": 1541, "column": 21 } },
			"718": { "start": { "line": 1542, "column": 11 }, "end": { "line": 1542, "column": 17 } },
			"719": { "start": { "line": 1543, "column": 14 }, "end": { "line": 1543, "column": 58 } },
			"720": { "start": { "line": 1544, "column": 22 }, "end": { "line": 1544, "column": 126 } },
			"721": { "start": { "line": 1545, "column": 25 }, "end": { "line": 1545, "column": 119 } },
			"722": { "start": { "line": 1546, "column": 30 }, "end": { "line": 1546, "column": 152 } },
			"723": { "start": { "line": 1547, "column": 33 }, "end": { "line": 1547, "column": 145 } },
			"724": { "start": { "line": 1548, "column": 22 }, "end": { "line": 1548, "column": 158 } },
			"725": { "start": { "line": 1549, "column": 25 }, "end": { "line": 1549, "column": 156 } },
			"726": { "start": { "line": 1551, "column": 4 }, "end": { "line": 1553, "column": 5 } },
			"727": { "start": { "line": 1552, "column": 8 }, "end": { "line": 1552, "column": 43 } },
			"728": { "start": { "line": 1555, "column": 4 }, "end": { "line": 1578, "column": 5 } },
			"729": { "start": { "line": 1556, "column": 8 }, "end": { "line": 1561, "column": 10 } },
			"730": { "start": { "line": 1563, "column": 9 }, "end": { "line": 1578, "column": 5 } },
			"731": { "start": { "line": 1564, "column": 8 }, "end": { "line": 1569, "column": 10 } },
			"732": { "start": { "line": 1571, "column": 9 }, "end": { "line": 1578, "column": 5 } },
			"733": { "start": { "line": 1572, "column": 27 }, "end": { "line": 1572, "column": 62 } },
			"734": { "start": { "line": 1573, "column": 27 }, "end": { "line": 1573, "column": 60 } },
			"735": { "start": { "line": 1574, "column": 8 }, "end": { "line": 1574, "column": 164 } },
			"736": { "start": { "line": 1577, "column": 8 }, "end": { "line": 1577, "column": 28 } },
			"737": { "start": { "line": 1581, "column": 4 }, "end": { "line": 1586, "column": 5 } },
			"738": { "start": { "line": 1582, "column": 8 }, "end": { "line": 1582, "column": 61 } },
			"739": { "start": { "line": 1585, "column": 8 }, "end": { "line": 1585, "column": 72 } },
			"740": { "start": { "line": 1589, "column": 4 }, "end": { "line": 1589, "column": 32 } },
			"741": { "start": { "line": 1592, "column": 17 }, "end": { "line": 1592, "column": 43 } },
			"742": { "start": { "line": 1593, "column": 4 }, "end": { "line": 1603, "column": 13 } },
			"743": { "start": { "line": 1605, "column": 0 }, "end": { "line": 1605, "column": 21 } },
			"744": { "start": { "line": 1606, "column": 0 }, "end": { "line": 1608, "column": 2 } },
			"745": { "start": { "line": 1607, "column": 4 }, "end": { "line": 1607, "column": 40 } },
			"746": { "start": { "line": 1617, "column": 4 }, "end": { "line": 1617, "column": 77 } },
			"747": { "start": { "line": 1620, "column": 21 }, "end": { "line": 1620, "column": 37 } },
			"748": { "start": { "line": 1621, "column": 4 }, "end": { "line": 1621, "column": 38 } },
			"749": { "start": { "line": 1624, "column": 14 }, "end": { "line": 1624, "column": 30 } },
			"750": { "start": { "line": 1625, "column": 14 }, "end": { "line": 1625, "column": 54 } },
			"751": { "start": { "line": 1626, "column": 4 }, "end": { "line": 1626, "column": 21 } },
			"752": { "start": { "line": 1629, "column": 23 }, "end": { "line": 1629, "column": 39 } },
			"753": { "start": { "line": 1630, "column": 4 }, "end": { "line": 1630, "column": 29 } },
			"754": { "start": { "line": 1632, "column": 0 }, "end": { "line": 1632, "column": 21 } },
			"755": { "start": { "line": 1633, "column": 0 }, "end": { "line": 1633, "column": 43 } },
			"756": { "start": { "line": 1633, "column": 26 }, "end": { "line": 1633, "column": 42 } },
			"757": { "start": { "line": 1635, "column": 4 }, "end": { "line": 1635, "column": 13 } },
			"758": { "start": { "line": 1636, "column": 4 }, "end": { "line": 1636, "column": 13 } },
			"759": { "start": { "line": 1637, "column": 4 }, "end": { "line": 1637, "column": 13 } },
			"760": { "start": { "line": 1638, "column": 14 }, "end": { "line": 1638, "column": 35 } },
			"761": { "start": { "line": 1639, "column": 4 }, "end": { "line": 1640, "column": 28 } },
			"762": { "start": { "line": 1640, "column": 8 }, "end": { "line": 1640, "column": 28 } },
			"763": { "start": { "line": 1641, "column": 14 }, "end": { "line": 1641, "column": 35 } },
			"764": { "start": { "line": 1642, "column": 14 }, "end": { "line": 1642, "column": 35 } },
			"765": { "start": { "line": 1643, "column": 14 }, "end": { "line": 1643, "column": 35 } },
			"766": { "start": { "line": 1644, "column": 4 }, "end": { "line": 1644, "column": 24 } },
			"767": { "start": { "line": 1647, "column": 4 }, "end": { "line": 1649, "column": 5 } },
			"768": { "start": { "line": 1648, "column": 8 }, "end": { "line": 1648, "column": 32 } },
			"769": { "start": { "line": 1650, "column": 14 }, "end": { "line": 1650, "column": 50 } },
			"770": { "start": { "line": 1651, "column": 14 }, "end": { "line": 1651, "column": 50 } },
			"771": { "start": { "line": 1652, "column": 14 }, "end": { "line": 1652, "column": 50 } },
			"772": { "start": { "line": 1653, "column": 4 }, "end": { "line": 1653, "column": 28 } },
			"773": { "start": { "line": 1655, "column": 0 }, "end": { "line": 1655, "column": 23 } },
			"774": { "start": { "line": 1656, "column": 0 }, "end": { "line": 1658, "column": 2 } },
			"775": { "start": { "line": 1657, "column": 4 }, "end": { "line": 1657, "column": 42 } },
			"776": { "start": { "line": 1665, "column": 19 }, "end": { "line": 1665, "column": 33 } },
			"777": { "start": { "line": 1667, "column": 4 }, "end": { "line": 1672, "column": 5 } },
			"778": { "start": { "line": 1668, "column": 8 }, "end": { "line": 1668, "column": 30 } },
			"779": { "start": { "line": 1671, "column": 8 }, "end": { "line": 1671, "column": 49 } },
			"780": { "start": { "line": 1675, "column": 4 }, "end": { "line": 1680, "column": 5 } },
			"781": { "start": { "line": 1676, "column": 8 }, "end": { "line": 1676, "column": 44 } },
			"782": { "start": { "line": 1679, "column": 8 }, "end": { "line": 1679, "column": 71 } },
			"783": { "start": { "line": 1683, "column": 17 }, "end": { "line": 1683, "column": 29 } },
			"784": { "start": { "line": 1685, "column": 4 }, "end": { "line": 1694, "column": 5 } },
			"785": { "start": { "line": 1686, "column": 8 }, "end": { "line": 1686, "column": 16 } },
			"786": { "start": { "line": 1687, "column": 8 }, "end": { "line": 1687, "column": 104 } },
			"787": { "start": { "line": 1688, "column": 8 }, "end": { "line": 1688, "column": 121 } },
			"788": { "start": { "line": 1691, "column": 8 }, "end": { "line": 1691, "column": 102 } },
			"789": { "start": { "line": 1692, "column": 8 }, "end": { "line": 1692, "column": 102 } },
			"790": { "start": { "line": 1693, "column": 8 }, "end": { "line": 1693, "column": 16 } },
			"791": { "start": { "line": 1695, "column": 4 }, "end": { "line": 1695, "column": 21 } },
			"792": { "start": { "line": 1697, "column": 0 }, "end": { "line": 1697, "column": 31 } },
			"793": { "start": { "line": 1697, "column": 26 }, "end": { "line": 1697, "column": 30 } },
			"794": { "start": { "line": 1699, "column": 4 }, "end": { "line": 1709, "column": 41 } },
			"795": { "start": { "line": 1700, "column": 20 }, "end": { "line": 1700, "column": 24 } },
			"796": { "start": { "line": 1701, "column": 29 }, "end": { "line": 1701, "column": 42 } },
			"797": { "start": { "line": 1702, "column": 32 }, "end": { "line": 1702, "column": 51 } },
			"798": { "start": { "line": 1703, "column": 20 }, "end": { "line": 1703, "column": 36 } },
			"799": { "start": { "line": 1703, "column": 44 }, "end": { "line": 1703, "column": 60 } },
			"800": { "start": { "line": 1703, "column": 68 }, "end": { "line": 1703, "column": 84 } },
			"801": { "start": { "line": 1704, "column": 8 }, "end": { "line": 1704, "column": 64 } },
			"802": { "start": { "line": 1705, "column": 8 }, "end": { "line": 1705, "column": 31 } },
			"803": { "start": { "line": 1710, "column": 18 }, "end": { "line": 1710, "column": 23 } },
			"804": { "start": { "line": 1711, "column": 18 }, "end": { "line": 1711, "column": 22 } },
			"805": { "start": { "line": 1712, "column": 16 }, "end": { "line": 1712, "column": 19 } },
			"806": { "start": { "line": 1713, "column": 15 }, "end": { "line": 1713, "column": 16 } },
			"807": { "start": { "line": 1715, "column": 4 }, "end": { "line": 1724, "column": 5 } },
			"808": { "start": { "line": 1716, "column": 8 }, "end": { "line": 1716, "column": 41 } },
			"809": { "start": { "line": 1717, "column": 8 }, "end": { "line": 1717, "column": 31 } },
			"810": { "start": { "line": 1718, "column": 8 }, "end": { "line": 1723, "column": 9 } },
			"811": { "start": { "line": 1719, "column": 12 }, "end": { "line": 1719, "column": 27 } },
			"812": { "start": { "line": 1722, "column": 12 }, "end": { "line": 1722, "column": 27 } },
			"813": { "start": { "line": 1725, "column": 4 }, "end": { "line": 1725, "column": 23 } },
			"814": { "start": { "line": 1727, "column": 0 }, "end": { "line": 1727, "column": 59 } },
			"815": { "start": { "line": 1729, "column": 4 }, "end": { "line": 1732, "column": 6 } },
			"816": { "start": { "line": 1730, "column": 26 }, "end": { "line": 1730, "column": 68 } },
			"817": { "start": { "line": 1731, "column": 8 }, "end": { "line": 1731, "column": 35 } },
			"818": { "start": { "line": 1735, "column": 4 }, "end": { "line": 1737, "column": 6 } },
			"819": { "start": { "line": 1736, "column": 8 }, "end": { "line": 1736, "column": 45 } },
			"820": { "start": { "line": 1736, "column": 32 }, "end": { "line": 1736, "column": 43 } },
			"821": { "start": { "line": 1740, "column": 4 }, "end": { "line": 1740, "column": 53 } },
			"822": { "start": { "line": 1743, "column": 4 }, "end": { "line": 1748, "column": 5 } },
			"823": { "start": { "line": 1744, "column": 8 }, "end": { "line": 1744, "column": 33 } },
			"824": { "start": { "line": 1747, "column": 8 }, "end": { "line": 1747, "column": 61 } },
			"825": { "start": { "line": 1751, "column": 4 }, "end": { "line": 1751, "column": 49 } },
			"826": { "start": { "line": 1754, "column": 4 }, "end": { "line": 1756, "column": 5 } },
			"827": { "start": { "line": 1755, "column": 8 }, "end": { "line": 1755, "column": 19 } },
			"828": { "start": { "line": 1757, "column": 4 }, "end": { "line": 1757, "column": 54 } },
			"829": { "start": { "line": 1761, "column": 4 }, "end": { "line": 1795, "column": 5 } },
			"830": { "start": { "line": 1762, "column": 8 }, "end": { "line": 1762, "column": 28 } },
			"831": { "start": { "line": 1765, "column": 19 }, "end": { "line": 1765, "column": 28 } },
			"832": { "start": { "line": 1766, "column": 18 }, "end": { "line": 1766, "column": 27 } },
			"833": { "start": { "line": 1767, "column": 19 }, "end": { "line": 1767, "column": 56 } },
			"834": { "start": { "line": 1768, "column": 19 }, "end": { "line": 1768, "column": 29 } },
			"835": { "start": { "line": 1769, "column": 8 }, "end": { "line": 1769, "column": 17 } },
			"836": { "start": { "line": 1770, "column": 8 }, "end": { "line": 1770, "column": 26 } },
			"837": { "start": { "line": 1771, "column": 8 }, "end": { "line": 1771, "column": 18 } },
			"838": { "start": { "line": 1772, "column": 8 }, "end": { "line": 1772, "column": 26 } },
			"839": { "start": { "line": 1773, "column": 8 }, "end": { "line": 1792, "column": 9 } },
			"840": { "start": { "line": 1774, "column": 12 }, "end": { "line": 1776, "column": 13 } },
			"841": { "start": { "line": 1775, "column": 16 }, "end": { "line": 1775, "column": 27 } },
			"842": { "start": { "line": 1777, "column": 12 }, "end": { "line": 1779, "column": 13 } },
			"843": { "start": { "line": 1778, "column": 16 }, "end": { "line": 1778, "column": 27 } },
			"844": { "start": { "line": 1780, "column": 12 }, "end": { "line": 1791, "column": 13 } },
			"845": { "start": { "line": 1781, "column": 16 }, "end": { "line": 1781, "column": 50 } },
			"846": { "start": { "line": 1783, "column": 17 }, "end": { "line": 1791, "column": 13 } },
			"847": { "start": { "line": 1784, "column": 16 }, "end": { "line": 1784, "column": 26 } },
			"848": { "start": { "line": 1786, "column": 17 }, "end": { "line": 1791, "column": 13 } },
			"849": { "start": { "line": 1787, "column": 16 }, "end": { "line": 1787, "column": 60 } },
			"850": { "start": { "line": 1790, "column": 16 }, "end": { "line": 1790, "column": 26 } },
			"851": { "start": { "line": 1794, "column": 8 }, "end": { "line": 1794, "column": 57 } },
			"852": { "start": { "line": 1796, "column": 4 }, "end": { "line": 1796, "column": 24 } },
			"853": { "start": { "line": 1799, "column": 22 }, "end": { "line": 1799, "column": 54 } },
			"854": { "start": { "line": 1800, "column": 4 }, "end": { "line": 1800, "column": 35 } },
			"855": { "start": { "line": 1804, "column": 8 }, "end": { "line": 1809, "column": 9 } },
			"856": { "start": { "line": 1805, "column": 12 }, "end": { "line": 1805, "column": 26 } },
			"857": { "start": { "line": 1808, "column": 12 }, "end": { "line": 1808, "column": 49 } },
			"858": { "start": { "line": 1811, "column": 4 }, "end": { "line": 1815, "column": 6 } },
			"859": { "start": { "line": 1820, "column": 8 }, "end": { "line": 1825, "column": 9 } },
			"860": { "start": { "line": 1821, "column": 12 }, "end": { "line": 1821, "column": 32 } },
			"861": { "start": { "line": 1824, "column": 12 }, "end": { "line": 1824, "column": 47 } },
			"862": { "start": { "line": 1827, "column": 4 }, "end": { "line": 1827, "column": 116 } },
[...]
			"71": 5,
			"72": 0,
			"73": 0,
			"74": 0,
			"75": 0,
			"76": 0,
			"77": 0,
			"78": 0,
			"79": 0,
			"80": 0,
			"81": 0,
			"82": 0,
			"83": 0,
			"84": 0,
			"85": 0,
			"86": 0,
			"87": 0,
			"88": 0,
			"89": 0,
			"90": 0,
			"91": 0,
			"92": 18259,
			"93": 18259,
			"94": 549803,
			"95": 439826,
			"96": 109977,
			"97": 109977,
			"98": 6,
			"99": 6,
			"100": 2,
			"101": 4,
			"102": 4,
			"103": 3,
			"104": 1,
			"105": 1,
			"106": 10,
			"107": 10,
			"108": 2018046,
			"109": 2018046,
			"110": 11282,
			"111": 11282,
			"112": 25,
			"113": 25,
			"114": 10,
			"115": 10,
			"116": 19,
			"117": 19,
			"118": 1,
			"119": 1,
			"120": 1,
			"121": 1,
			"122": 550029,
			"123": 250988,
			"124": 254979,
			"125": 242988,
			"126": 11991,
			"127": 26,
			"128": 11965,
			"129": 6,
			"130": 11959,
			"131": 1,
			"132": 1,
			"133": 1,
			"134": 1,
			"135": 1,
			"136": 7,
			"137": 0,
			"138": 7,
			"139": 7,
			"140": 7,
			"141": 0,
			"142": 7,
			"143": 7,
			"144": 7,
			"145": 0,
			"146": 7,
			"147": 7,
			"148": 7,
			"149": 0,
			"150": 7,
			"151": 7,
			"152": 7,
			"153": 0,
			"154": 7,
			"155": 7,
			"156": 1,
			"157": 35,
			"158": 35,
			"159": 35,
			"160": 35,
			"161": 35,
			"162": 35,
			"163": 35,
			"164": 35,
			"165": 35,
			"166": 35,
			"167": 7,
			"168": 35,
			"169": 7,
			"170": 56,
			"171": 7,
			"172": 7,
			"173": 7,
			"174": 7,
			"175": 7,
			"176": 7,
			"177": 1,
			"178": 5633,
			"179": 1,
			"180": 5634,
			"181": 5634,
			"182": 5634,
			"183": 5634,
			"184": 5634,
			"185": 5634,
			"186": 18253,
			"187": 18253,
			"188": 18253,
			"189": 18253,
			"190": 18253,
			"191": 18253,
			"192": 18253,
			"193": 5634,
			"194": 0,
			"195": 1,
			"196": 109955,
			"197": 109955,
			"198": 109955,
			"199": 109955,
			"200": 1,
			"201": 109954,
			"202": 1,
			"203": 1,
			"204": 10,
			"205": 1,
			"206": 10,
			"207": 1,
			"208": 20,
			"209": 1,
			"210": 10,
			"211": 1,
			"212": 15,
			"213": 1,
			"214": 26,
			"215": 1,
			"216": 10,
			"217": 1,
			"218": 16,
			"219": 1,
			"220": 23,
			"221": 1,
			"222": 46,
			"223": 1,
			"224": 18311,
			"225": 1,
			"226": 1751718,
			"227": 1,
			"228": 110029,
			"229": 1,
			"230": 10,
			"231": 1,
			"232": 15,
			"233": 36,
			"234": 15,
			"235": 2,
			"236": 13,
			"237": 13,
			"238": 13,
			"239": 13,
			"240": 13,
			"241": 30,
			"242": 30,
			"243": 30,
			"244": 90,
			"245": 8,
			"246": 8,
			"247": 8,
			"248": 82,
			"249": 13,
			"250": 39,
			"251": 4,
			"252": 4,
			"253": 35,
			"254": 13,
			"255": 1,
			"256": 6,
			"257": 6,
			"258": 6,
			"259": 6,
			"260": 1,
			"261": 4,
			"262": 0,
			"263": 4,
			"264": 1,
			"265": 1,
			"266": 1,
			"267": 0,
			"268": 1,
			"269": 6,
			"270": 1,
			"271": 1,
			"272": 1,
			"273": 1,
			"274": 1,
			"275": 1,
			"276": 31,
			"277": 31,
			"278": 30,
			"279": 184,
			"280": 31,
			"281": 31,
			"282": 31,
			"283": 31,
			"284": 31,
			"285": 31,
			"286": 31,
			"287": 4,
			"288": 1,
			"289": 3,
			"290": 0,
			"291": 0,
			"292": 3,
			"293": 0,
			"294": 3,
			"295": 3,
			"296": 3,
			"297": 46,
			"298": 7,
			"299": 59,
			"300": 39,
			"301": 39,
			"302": 39,
			"303": 37,
			"304": 36,
			"305": 227,
			"306": 2,
			"307": 0,
			"308": 0,
			"309": 2,
			"310": 37,
			"311": 10,
			"312": 0,
			"313": 10,
			"314": 10,
			"315": 10,
			"316": 1,
			"317": 1,
			"318": 2,
			"319": 2,
			"320": 2,
			"321": 2,
			"322": 7,
			"323": 3,
			"324": 4,
			"325": 4,
			"326": 4,
			"327": 14,
			"328": 4,
			"329": 10,
			"330": 1,
			"331": 9,
			"332": 9,
			"333": 131,
			"334": 0,
			"335": 0,
			"336": 0,
			"337": 0,
			"338": 0,
			"339": 14,
			"340": 142,
			"341": 2,
			"342": 0,
			"343": 2,
			"344": 2,
			"345": 0,
			"346": 0,
			"347": 0,
			"348": 0,
			"349": 200178,
			"350": 200178,
			"351": 119,
			"352": 479,
			"353": 200192,
			"354": 200178,
			"355": 200178,
			"356": 200178,
			"357": 119,
			"358": 119,
			"359": 200059,
			"360": 200058,
			"361": 1,
			"362": 200178,
			"363": 2,
			"364": 14,
			"365": 200192,
			"366": 200192,
			"367": 200192,
			"368": 200192,
			"369": 200192,
			"370": 200192,
			"371": 90119,
			"372": 110073,
			"373": 110068,
			"374": 605776,
			"375": 605776,
			"376": 133,
			"377": 133,
			"378": 605643,
			"379": 0,
			"380": 0,
			"381": 605643,
			"382": 109935,
			"383": 109935,
			"384": 109935,
			"385": 5,
			"386": 110073,
			"387": 10073,
			"388": 110073,
			"389": 2,
			"390": 2,
			"391": 2,
			"392": 2,
			"393": 10,
			"394": 12,
			"395": 31,
			"396": 200178,
			"397": 31,
			"398": 496,
			"399": 31,
			"400": 15,
			"401": 31,
			"402": 13,
			"403": 31,
			"404": 184,
			"405": 31,
			"406": 1,
			"407": 1,
			"408": 0,
			"409": 1,
			"410": 0,
			"411": 1,
			"412": 3,
			"413": 3,
			"414": 3,
			"415": 0,
			"416": 3,
			"417": 1,
			"418": 11264,
			"419": 11264,
			"420": 11264,
			"421": 33792,
			"422": 11264,
			"423": 1,
			"424": 0,
			"425": 0,
			"426": 0,
			"427": 0,
			"428": 0,
			"429": 0,
			"430": 0,
			"431": 0,
			"432": 0,
			"433": 0,
			"434": 0,
			"435": 0,
			"436": 0,
			"437": 0,
			"438": 0,
			"439": 0,
			"440": 0,
			"441": 0,
			"442": 0,
			"443": 0,
			"444": 0,
			"445": 0,
			"446": 0,
			"447": 0,
			"448": 1,
			"449": 6,
			"450": 48,
			"451": 48,
			"452": 48,
			"453": 48,
			"454": 6,
			"455": 48,
			"456": 48,
			"457": 48,
			"458": 6,
			"459": 48,
			"460": 6,
			"461": 6,
			"462": 0,
			"463": 6,
			"464": 1,
			"465": 3,
			"466": 3,
			"467": 3,
			"468": 45,
			"469": 3,
			"470": 0,
			"471": 3,
			"472": 0,
			"473": 3,
			"474": 3,
			"475": 20,
			"476": 0,
			"477": 0,
			"478": 0,
			"479": 0,
			"480": 0,
			"481": 0,
			"482": 0,
			"483": 0,
			"484": 0,
			"485": 0,
			"486": 0,
			"487": 0,
			"488": 0,
			"489": 0,
			"490": 0,
			"491": 0,
			"492": 0,
			"493": 0,
			"494": 0,
			"495": 0,
			"496": 0,
			"497": 0,
			"498": 0,
			"499": 0,
			"500": 0,
			"501": 0,
			"502": 0,
			"503": 0,
			"504": 0,
			"505": 0,
			"506": 0,
			"507": 0,
			"508": 0,
			"509": 0,
			"510": 0,
			"511": 0,
			"512": 0,
			"513": 0,
			"514": 0,
			"515": 0,
			"516": 0,
			"517": 0,
			"518": 0,
			"519": 0,
			"520": 0,
			"521": 0,
			"522": 0,
			"523": 0,
			"524": 0,
			"525": 0,
			"526": 0,
			"527": 0,
			"528": 0,
			"529": 0,
			"530": 0,
			"531": 1,
			"532": 1,
			"533": 1,
			"534": 1,
			"535": 109937,
			"536": 109937,
			"537": 109937,
			"538": 1,
			"539": 1,
			"540": 1,
			"541": 1,
			"542": 0,
			"543": 0,
			"544": 0,
			"545": 1,
			"546": 1,
			"547": 1,
			"548": 1,
			"549": 10,
			"550": 33,
			"551": 10,
			"552": 33,
			"553": 10,
			"554": 2,
			"555": 4,
			"556": 12,
			"557": 8,
			"558": 5,
			"559": 39,
			"560": 5,
			"561": 13,
			"562": 39,
			"563": 3,
			"564": 1,
			"565": 15,
			"566": 1,
			"567": 5,
			"568": 15,
			"569": 2,
			"570": 2,
			"571": 2,
			"572": 2,
			"573": 10,
			"574": 0,
			"575": 250421,
			"576": 206,
			"577": 250421,
			"578": 11965,
			"579": 11588,
			"580": 377,
			"581": 217,
			"582": 160,
			"583": 3,
			"584": 157,
			"585": 16,
			"586": 141,
			"587": 141,
			"588": 0,
			"589": 250421,
			"590": 250420,
			"591": 1001655,
			"592": 0,
			"593": 250420,
			"594": 2,
			"595": 2,
			"596": 2,
			"597": 2,
			"598": 2,
			"599": 6,
			"600": 6,
			"601": 6,
			"602": 6,
			"603": 6,
			"604": 2,
			"605": 185,
			"606": 175,
			"607": 10,
			"608": 9,
			"609": 1,
			"610": 12110,
			"611": 12110,
			"612": 12110,
			"613": 12110,
			"614": 12110,
			"615": 12110,
			"616": 12110,
			"617": 12110,
			"618": 1,
			"619": 1,
			"620": 24,
			"621": 24,
			"622": 24,
			"623": 24,
			"624": 24,
			"625": 24,
			"626": 24,
			"627": 24,
			"628": 4,
			"629": 4,
			"630": 20,
			"631": 20,
			"632": 8,
			"633": 12,
			"634": 7,
			"635": 5,
			"636": 5,
			"637": 24,
			"638": 1,
			"639": 21,
			"640": 23,
			"641": 23,
			"642": 10,
			"643": 13,
			"644": 13,
			"645": 13,
			"646": 13,
			"647": 13,
			"648": 13,
			"649": 13,
			"650": 7,
			"651": 6,
			"652": 1,
			"653": 5,
			"654": 1,
			"655": 4,
			"656": 1,
			"657": 3,
			"658": 1,
			"659": 2,
			"660": 36,
			"661": 36,
			"662": 36,
			"663": 36,
			"664": 36,
			"665": 36,
			"666": 22,
			"667": 14,
			"668": 11,
			"669": 3,
			"670": 2,
			"671": 1,
			"672": 36,
			"673": 1,
			"674": 1763450,
			"675": 0,
			"676": 1763450,
			"677": 1763450,
			"678": 1763450,
			"679": 1763450,
			"680": 11282,
			"681": 1,
			"682": 10,
			"683": 2,
			"684": 8,
			"685": 8,
			"686": 8,
			"687": 8,
			"688": 8,
			"689": 8,
			"690": 8,
			"691": 8,
			"692": 2,
			"693": 6,
			"694": 1,
			"695": 5,
			"696": 1,
			"697": 4,
			"698": 1,
			"699": 3,
			"700": 1,
			"701": 2,
			"702": 10,
			"703": 10,
			"704": 10,
			"705": 10,
			"706": 10,
			"707": 10,
			"708": 10,
			"709": 10,
			"710": 2,
			"711": 8,
			"712": 5,
			"713": 3,
			"714": 2,
			"715": 1,
			"716": 10,
			"717": 1,
			"718": 1,
			"719": 1,
			"720": 1,
			"721": 1,
			"722": 1,
			"723": 1,
			"724": 1,
			"725": 1,
			"726": 227,
			"727": 0,
			"728": 227,
			"729": 29,
			"730": 198,
			"731": 3,
			"732": 195,
			"733": 10,
			"734": 10,
			"735": 10,
			"736": 185,
			"737": 17,
			"738": 15,
			"739": 2,
			"740": 7,
			"741": 2,
			"742": 2,
			"743": 1,
			"744": 1,
			"745": 11588,
			"746": 48,
			"747": 48,
			"748": 48,
			"749": 35,
			"750": 35,
			"751": 35,
			"752": 35,
			"753": 35,
			"754": 1,
			"755": 1,
			"756": 15,
			"757": 19,
			"758": 19,
			"759": 19,
			"760": 19,
			"761": 19,
			"762": 2,
			"763": 17,
			"764": 17,
			"765": 17,
			"766": 17,
			"767": 19,
			"768": 2,
			"769": 17,
			"770": 17,
			"771": 17,
			"772": 17,
			"773": 1,
			"774": 1,
			"775": 24,
			"776": 6054426,
			"777": 6054426,
			"778": 575832,
			"779": 5478594,
			"780": 384879,
			"781": 14604,
			"782": 370275,
			"783": 404,
			"784": 404,
			"785": 127,
			"786": 127,
			"787": 127,
			"788": 277,
			"789": 277,
			"790": 277,
			"791": 404,
			"792": 1,
			"793": 110075,
			"794": 5,
			"795": 179,
			"796": 179,
			"797": 179,
			"798": 179,
			"799": 179,
			"800": 179,
			"801": 179,
			"802": 0,
			"803": 0,
			"804": 0,
			"805": 0,
			"806": 0,
			"807": 0,
			"808": 0,
			"809": 0,
			"810": 0,
			"811": 0,
			"812": 0,
			"813": 0,
			"814": 1,
			"815": 8,
			"816": 4,
			"817": 4,
			"818": 8,
			"819": 4,
			"820": 12,
			"821": 3,
			"822": 3,
			"823": 2,
			"824": 1,
			"825": 0,
			"826": 0,
			"827": 0,
			"828": 0,
			"829": 28,
			"830": 2,
			"831": 26,
			"832": 26,
			"833": 26,
			"834": 26,
			"835": 26,
			"836": 26,
			"837": 26,
			"838": 26,
			"839": 26,
			"840": 78,
			"841": 5,
			"842": 78,
			"843": 15,
			"844": 78,
			"845": 21,
			"846": 57,
			"847": 26,
			"848": 31,
			"849": 4,
			"850": 27,
			"851": 26,
			"852": 28,
			"853": 128279,
			"854": 128279,
			"855": 384837,
			"856": 382227,
			"857": 2610,
			"858": 128279,
			"859": 10090405,
			"860": 9993498,
			"861": 96907,
			"862": 2018081,
			"863": 1,
			"864": 1,
			"865": 1,
			"866": 1,
			"867": 1,
			"868": 1,
			"869": 1,
			"870": 2018081,
			"871": 2018081,
			"872": 2018142,
			"873": 2018142,
			"874": 2018142,
			"875": 2018142,
			"876": 2018142,
			"877": 2018142,
			"878": 2018142,
			"879": 128293,
			"880": 128293,
			"881": 128293,
			"882": 128293,
			"883": 1,
			"884": 1,
			"885": 10,
			"886": 10,
			"887": 5,
			"888": 5,
			"889": 5,
			"890": 5,
			"891": 2,
			"892": 2,
			"893": 2,
			"894": 2,
			"895": 3,
			"896": 3,
			"897": 3,
			"898": 3,
			"899": 10,
			"900": 10,
			"901": 10,
			"902": 10,
			"903": 10,
			"904": 10,
			"905": 2,
			"906": 2,
			"907": 8,
			"908": 8,
			"909": 8,
			"910": 3,
			"911": 8,
			"912": 10,
			"913": 1,
			"914": 16,
			"915": 0,
			"916": 16,
			"917": 0,
			"918": 16,
			"919": 16,
			"920": 16,
			"921": 0,
			"922": 16,
			"923": 0,
			"924": 16,
			"925": 16,
			"926": 16,
			"927": 1,
			"928": 6,
			"929": 11265,
			"930": 11265,
			"931": 11265,
			"932": 1746075,
			"933": 1746075,
			"934": 69598,
			"935": 69598,
			"936": 11265,
			"937": 11265
		},
		"f": {
			"0": 7,
			"1": 0,
			"2": 2002197,
			"3": 7,
			"4": 76,
			"5": 19001,
			"6": 57003,
			"7": 12110,
			"8": 24,
			"9": 36,
			"10": 10,
			"11": 20,
			"12": 11268,
			"13": 1746513,
			"14": 1746075,
			"15": 19,
			"16": 24,
			"17": 42,
			"18": 4,
			"19": 5,
			"20": 0,
			"21": 18259,
			"22": 549803,
			"23": 6,
			"24": 2,
			"25": 4,
			"26": 3,
			"27": 1,
			"28": 10,
			"29": 2018046,
			"30": 11282,
			"31": 25,
			"32": 10,
			"33": 19,
			"34": 550029,
			"35": 250988,
			"36": 254979,
			"37": 1,
			"38": 7,
			"39": 7,
			"40": 7,
			"41": 7,
			"42": 7,
			"43": 1,
			"44": 35,
			"45": 7,
			"46": 35,
			"47": 56,
			"48": 5633,
			"49": 5634,
			"50": 109955,
			"51": 10,
			"52": 10,
			"53": 20,
			"54": 10,
			"55": 15,
			"56": 26,
			"57": 10,
			"58": 16,
			"59": 23,
			"60": 46,
			"61": 18311,
			"62": 1751718,
			"63": 110029,
			"64": 10,
			"65": 15,
			"66": 36,
			"67": 6,
			"68": 4,
			"69": 1,
			"70": 0,
			"71": 6,
			"72": 31,
			"73": 184,
			"74": 4,
			"75": 46,
			"76": 59,
			"77": 227,
			"78": 0,
			"79": 10,
			"80": 1,
			"81": 2,
			"82": 7,
			"83": 14,
			"84": 131,
			"85": 0,
			"86": 142,
			"87": 2,
			"88": 0,
			"89": 200178,
			"90": 119,
			"91": 479,
			"92": 200192,
			"93": 2,
			"94": 10,
			"95": 12,
			"96": 31,
			"97": 200178,
			"98": 496,
			"99": 184,
			"100": 1,
			"101": 0,
			"102": 0,
			"103": 3,
			"104": 11264,
			"105": 33792,
			"106": 0,
			"107": 6,
			"108": 48,
			"109": 48,
			"110": 0,
			"111": 3,
			"112": 45,
			"113": 20,
			"114": 0,
			"115": 0,
			"116": 0,
			"117": 0,
			"118": 0,
			"119": 0,
			"120": 0,
			"121": 109937,
			"122": 0,
			"123": 1,
			"124": 10,
			"125": 33,
			"126": 33,
			"127": 4,
			"128": 12,
			"129": 39,
			"130": 13,
			"131": 39,
			"132": 15,
			"133": 5,
			"134": 15,
			"135": 10,
			"136": 250421,
			"137": 1001655,
			"138": 2,
			"139": 185,
			"140": 12110,
			"141": 24,
			"142": 21,
			"143": 23,
			"144": 36,
			"145": 1763450,
			"146": 11282,
			"147": 10,
			"148": 10,
			"149": 227,
			"150": 17,
			"151": 7,
			"152": 2,
			"153": 11588,
			"154": 48,
			"155": 48,
			"156": 35,
			"157": 35,
			"158": 15,
			"159": 19,
			"160": 19,
			"161": 24,
			"162": 6054426,
			"163": 384879,
			"164": 404,
			"165": 110075,
			"166": 5,
			"167": 179,
			"168": 8,
			"169": 4,
			"170": 8,
			"171": 4,
			"172": 12,
			"173": 3,
			"174": 3,
			"175": 0,
			"176": 0,
			"177": 28,
			"178": 128279,
			"179": 128279,
			"180": 384837,
			"181": 2018081,
			"182": 10090405,
			"183": 2018081,
			"184": 2018142,
			"185": 128293,
			"186": 10,
			"187": 10,
			"188": 16,
			"189": 6,
			"190": 11265,
			"191": 11265
		},
		"b": {
			"0": [7],
			"1": [100, 96],
			"2": [0, 0],
			"3": [71, 2002126],
			"4": [76],
			"5": [76, 0],
			"6": [740],
			"7": [740],
			"8": [2220, 54783],
			"9": [2220, 54783],
			"10": [12109],
			"11": [17],
			"12": [17, 3],
			"13": [2, 1],
			"14": [3],
			"15": [11265, 3],
			"16": [11268, 11267],
			"17": [38, 4],
			"18": [3, 1],
			"19": [0, 0],
			"20": [0, 0],
			"21": [0, 0],
			"22": [0, 0, 0, 0, 0],
			"23": [18259, 16836, 11409, 8013, 6968, 5719],
			"24": [439826, 109977],
			"25": [1],
			"26": [1],
			"27": [1],
			"28": [1],
			"29": [12159],
			"30": [12159],
			"31": [35, 250953],
			"32": [12, 250941],
			"33": [242988, 11991],
			"34": [26, 11965],
			"35": [11991, 39],
			"36": [6, 11959],
			"37": [0, 7],
			"38": [0, 7],
			"39": [0, 7],
			"40": [0, 7],
			"41": [1, 6],
			"42": [0, 7],
			"43": [6, 1],
			"44": [1],
			"45": [1],
			"46": [1],
			"47": [1],
			"48": [2],
			"49": [5633],
			"50": [5633],
			"51": [5634, 12619],
			"52": [1],
			"53": [2],
			"54": [109955, 109954],
			"55": [1, 109954],
			"56": [7],
			"57": [2, 13],
			"58": [8, 82],
			"59": [4, 35],
			"60": [2, 4],
			"61": [0, 4],
			"62": [1, 1],
			"63": [30, 1],
			"64": [1, 3],
			"65": [0, 3],
			"66": [0, 3],
			"67": [3, 3],
			"68": [7, 39],
			"69": [7, 0],
			"70": [37, 2],
			"71": [36, 1],
			"72": [0, 2],
			"73": [2, 0],
			"74": [0, 10],
			"75": [0],
			"76": [2, 0],
			"77": [5],
			"78": [3, 4],
			"79": [12],
			"80": [4, 10],
			"81": [1, 9],
			"82": [9, 0],
			"83": [0, 0],
			"84": [0, 0],
			"85": [14, 0],
			"86": [0, 2],
			"87": [1, 1],
			"88": [1, 0],
			"89": [0, 0],
			"90": [5, 200173],
			"91": [200178],
			"92": [200178, 14],
			"93": [119, 200059],
			"94": [200178, 119],
			"95": [200058, 1],
			"96": [2, 200176],
			"97": [200192, 100192],
			"98": [90119, 110073],
			"99": [110068, 5],
			"100": [133, 605643],
			"101": [0, 605643],
			"102": [605643, 605643],
			"103": [109935, 495708],
			"104": [605643, 605643],
			"105": [10073, 100000],
			"106": [15, 16],
			"107": [13, 18],
			"108": [31, 14],
			"109": [1, 30],
			"110": [1, 1],
			"111": [0, 3],
			"112": [11264],
			"113": [0],
			"114": [0],
			"115": [0, 0],
			"116": [0, 0],
			"117": [0, 0],
			"118": [0, 0],
			"119": [48, 0],
			"120": [48, 48],
			"121": [6, 42],
			"122": [48, 0],
			"123": [0],
			"124": [0],
			"125": [3, 0],
			"126": [0, 3],
			"127": [0, 3],
			"128": [3, 0],
			"129": [0, 0],
			"130": [0, 0],
			"131": [0, 0],
			"132": [0, 0],
			"133": [0, 0],
			"134": [0, 0],
			"135": [0, 0],
			"136": [0, 0],
			"137": [1, 0],
			"138": [2, 8],
			"139": [5, 3],
			"140": [1, 2],
			"141": [2, 0],
			"142": [4, 6],
			"143": [206, 250215],
			"144": [11965, 238456],
			"145": [11588, 377],
			"146": [11965, 11946],
			"147": [217, 160],
			"148": [377, 358],
			"149": [3, 157],
			"150": [16, 141],
			"151": [157, 16, 16, 16],
			"152": [141, 0],
			"153": [141, 141, 141, 141],
			"154": [0, 250420],
			"155": [175, 10],
			"156": [6, 169],
			"157": [9, 1],
			"158": [4, 5],
			"159": [0],
			"160": [0, 12110],
			"161": [1, 12109],
			"162": [4, 20],
			"163": [8, 12],
			"164": [8, 12],
			"165": [2, 6],
			"166": [7, 5],
			"167": [5, 0],
			"168": [23],
			"169": [10, 13],
			"170": [7, 6],
			"171": [1, 5],
			"172": [1, 4],
			"173": [1, 3],
			"174": [1, 2],
			"175": [8, 28],
			"176": [22, 14],
			"177": [11, 3],
			"178": [2, 9],
			"179": [2, 1],
			"180": [0, 1763450],
			"181": [1763450, 1763450, 1763450],
			"182": [10],
			"183": [2, 8],
			"184": [2, 6],
			"185": [1, 5],
			"186": [1, 4],
			"187": [1, 3],
			"188": [1, 2],
			"189": [4, 6],
			"190": [2, 8],
			"191": [5, 3],
			"192": [2, 3],
			"193": [2, 1],
			"194": [0, 227],
			"195": [227, 227],
			"196": [29, 198],
			"197": [227, 203],
			"198": [15, 14],
			"199": [4, 11],
			"200": [3, 195],
			"201": [198, 196],
			"202": [1, 2],
			"203": [1, 0],
			"204": [10, 185],
			"205": [195, 188],
			"206": [3, 7],
			"207": [4, 6],
			"208": [2, 2],
			"209": [0],
			"210": [15, 2],
			"211": [1, 1],
			"212": [1, 1],
			"213": [44],
			"214": [2, 17],
			"215": [19],
			"216": [2, 17],
			"217": [6, 11],
			"218": [7, 10],
			"219": [7, 10],
			"220": [0],
			"221": [575832, 5478594],
			"222": [14604, 370275],
			"223": [127, 277],
			"224": [40, 87],
			"225": [0, 0],
			"226": [2, 1],
			"227": [0, 0],
			"228": [17],
			"229": [2, 26],
			"230": [4, 22],
			"231": [5, 73],
			"232": [15, 63],
			"233": [21, 57],
			"234": [26, 31],
			"235": [4, 27],
			"236": [18312],
			"237": [382227, 2610],
			"238": [9993498, 96907],
			"239": [10],
			"240": [10],
			"241": [5, 5],
			"242": [2, 3],
			"243": [2, 8],
			"244": [10, 4],
			"245": [3, 5],
			"246": [0, 16],
			"247": [0, 16],
			"248": [0, 16],
			"249": [16, 1],
			"250": [0, 16],
			"251": [16, 0],
			"252": [69598, 1676477]
		},
		"_coverageSchema": "d34fc3e6b8297bcde183f5492bcb8fcb36775295",
		"hash": "e190e79c20634b7f0aeea60e137804400e3dad95",
		"contentHash": "947fa353d0d3b42b4f1b62da2fbd273f_12.0.2"
	}
}
